{"/home/travis/build/npmtest/node-npmtest-nsqjs/test.js":{"path":"/home/travis/build/npmtest/node-npmtest-nsqjs/test.js","s":{"1":2,"2":2,"3":2,"4":2,"5":2,"6":2,"7":2,"8":1,"9":2,"10":2,"11":1,"12":1,"13":1,"14":1,"15":2,"16":2,"17":2,"18":2,"19":1,"20":1,"21":2,"22":2,"23":2,"24":1,"25":1,"26":1,"27":1,"28":1,"29":1,"30":1,"31":1,"32":1,"33":1,"34":1,"35":1,"36":1,"37":1,"38":1,"39":2,"40":2,"41":1,"42":2,"43":2,"44":1,"45":2,"46":2,"47":1,"48":2,"49":2,"50":1,"51":1,"52":1,"53":1,"54":1},"b":{"1":[2,1,1,1],"2":[1,1,1,1],"3":[1,1],"4":[1,1],"5":[1,1],"6":[1,1],"7":[1,1],"8":[1,1],"9":[1,1],"10":[1,1,1],"11":[1,1],"12":[1,1],"13":[1,1],"14":[1,1],"15":[1,1],"16":[1,1],"17":[1,1]},"f":{"1":2,"2":2,"3":2,"4":2,"5":2,"6":1,"7":1,"8":1,"9":2,"10":2,"11":2,"12":2,"13":1},"fnMap":{"1":{"name":"(anonymous_1)","line":12,"loc":{"start":{"line":12,"column":1},"end":{"line":12,"column":13}}},"2":{"name":"(anonymous_2)","line":19,"loc":{"start":{"line":19,"column":5},"end":{"line":19,"column":17}}},"3":{"name":"(anonymous_3)","line":23,"loc":{"start":{"line":23,"column":24},"end":{"line":23,"column":36}}},"4":{"name":"(anonymous_4)","line":61,"loc":{"start":{"line":61,"column":5},"end":{"line":61,"column":17}}},"5":{"name":"(anonymous_5)","line":82,"loc":{"start":{"line":82,"column":5},"end":{"line":82,"column":17}}},"6":{"name":"(anonymous_6)","line":91,"loc":{"start":{"line":91,"column":77},"end":{"line":94,"column":10}}},"7":{"name":"(anonymous_7)","line":112,"loc":{"start":{"line":112,"column":83},"end":{"line":115,"column":10}},"skip":true},"8":{"name":"(anonymous_8)","line":123,"loc":{"start":{"line":123,"column":77},"end":{"line":126,"column":10}},"skip":true},"9":{"name":"(anonymous_9)","line":139,"loc":{"start":{"line":139,"column":12},"end":{"line":139,"column":40}},"skip":true},"10":{"name":"(anonymous_10)","line":147,"loc":{"start":{"line":147,"column":77},"end":{"line":150,"column":10}},"skip":true},"11":{"name":"(anonymous_11)","line":158,"loc":{"start":{"line":158,"column":83},"end":{"line":161,"column":10}},"skip":true},"12":{"name":"(anonymous_12)","line":169,"loc":{"start":{"line":169,"column":79},"end":{"line":172,"column":10}},"skip":true},"13":{"name":"(anonymous_13)","line":180,"loc":{"start":{"line":180,"column":75},"end":{"line":183,"column":10}},"skip":true}},"statementMap":{"1":{"start":{"line":12,"column":0},"end":{"line":195,"column":5}},"2":{"start":{"line":14,"column":4},"end":{"line":14,"column":14}},"3":{"start":{"line":19,"column":4},"end":{"line":56,"column":9}},"4":{"start":{"line":21,"column":8},"end":{"line":21,"column":19}},"5":{"start":{"line":23,"column":8},"end":{"line":35,"column":13}},"6":{"start":{"line":24,"column":12},"end":{"line":34,"column":13}},"7":{"start":{"line":25,"column":16},"end":{"line":28,"column":30}},"8":{"start":{"line":30,"column":16},"end":{"line":33,"column":27}},"9":{"start":{"line":37,"column":8},"end":{"line":39,"column":21}},"10":{"start":{"line":40,"column":8},"end":{"line":53,"column":9}},"11":{"start":{"line":43,"column":12},"end":{"line":46,"column":14}},"12":{"start":{"line":47,"column":12},"end":{"line":47,"column":18}},"13":{"start":{"line":50,"column":12},"end":{"line":51,"column":33}},"14":{"start":{"line":52,"column":12},"end":{"line":52,"column":18}},"15":{"start":{"line":55,"column":8},"end":{"line":55,"column":35}},"16":{"start":{"line":61,"column":4},"end":{"line":63,"column":9}},"17":{"start":{"line":62,"column":8},"end":{"line":62,"column":15}},"18":{"start":{"line":64,"column":4},"end":{"line":77,"column":5}},"19":{"start":{"line":70,"column":8},"end":{"line":70,"column":14}},"20":{"start":{"line":76,"column":8},"end":{"line":76,"column":14}},"21":{"start":{"line":82,"column":4},"end":{"line":84,"column":9}},"22":{"start":{"line":83,"column":8},"end":{"line":83,"column":15}},"23":{"start":{"line":85,"column":4},"end":{"line":194,"column":5}},"24":{"start":{"line":91,"column":8},"end":{"line":99,"column":10}},"25":{"start":{"line":98,"column":12},"end":{"line":98,"column":35}},"26":{"start":{"line":102,"column":8},"end":{"line":104,"column":63}},"27":{"start":{"line":105,"column":8},"end":{"line":105,"column":14}},"28":{"start":{"line":112,"column":8},"end":{"line":121,"column":10},"skip":true},"29":{"start":{"line":119,"column":12},"end":{"line":119,"column":55},"skip":true},"30":{"start":{"line":120,"column":12},"end":{"line":120,"column":48},"skip":true},"31":{"start":{"line":123,"column":8},"end":{"line":136,"column":10},"skip":true},"32":{"start":{"line":130,"column":12},"end":{"line":130,"column":76},"skip":true},"33":{"start":{"line":131,"column":12},"end":{"line":131,"column":73},"skip":true},"34":{"start":{"line":132,"column":12},"end":{"line":132,"column":74},"skip":true},"35":{"start":{"line":133,"column":12},"end":{"line":133,"column":79},"skip":true},"36":{"start":{"line":134,"column":12},"end":{"line":134,"column":25},"skip":true},"37":{"start":{"line":135,"column":12},"end":{"line":135,"column":45},"skip":true},"38":{"start":{"line":138,"column":8},"end":{"line":145,"column":14},"skip":true},"39":{"start":{"line":143,"column":16},"end":{"line":143,"column":29},"skip":true},"40":{"start":{"line":144,"column":16},"end":{"line":144,"column":55},"skip":true},"41":{"start":{"line":147,"column":8},"end":{"line":156,"column":10},"skip":true},"42":{"start":{"line":154,"column":12},"end":{"line":154,"column":25},"skip":true},"43":{"start":{"line":155,"column":12},"end":{"line":155,"column":45},"skip":true},"44":{"start":{"line":158,"column":8},"end":{"line":167,"column":10},"skip":true},"45":{"start":{"line":165,"column":12},"end":{"line":165,"column":25},"skip":true},"46":{"start":{"line":166,"column":12},"end":{"line":166,"column":48},"skip":true},"47":{"start":{"line":169,"column":8},"end":{"line":178,"column":10},"skip":true},"48":{"start":{"line":176,"column":12},"end":{"line":176,"column":25},"skip":true},"49":{"start":{"line":177,"column":12},"end":{"line":177,"column":46},"skip":true},"50":{"start":{"line":180,"column":8},"end":{"line":189,"column":10},"skip":true},"51":{"start":{"line":187,"column":12},"end":{"line":187,"column":94},"skip":true},"52":{"start":{"line":188,"column":12},"end":{"line":188,"column":48},"skip":true},"53":{"start":{"line":192,"column":8},"end":{"line":192,"column":35},"skip":true},"54":{"start":{"line":193,"column":8},"end":{"line":193,"column":14},"skip":true}},"branchMap":{"1":{"line":25,"type":"binary-expr","locations":[{"start":{"line":25,"column":23},"end":{"line":25,"column":62}},{"start":{"line":26,"column":20},"end":{"line":26,"column":70}},{"start":{"line":27,"column":20},"end":{"line":27,"column":71}},{"start":{"line":28,"column":20},"end":{"line":28,"column":29}}]},"2":{"line":30,"type":"binary-expr","locations":[{"start":{"line":30,"column":23},"end":{"line":30,"column":37}},{"start":{"line":31,"column":20},"end":{"line":31,"column":61}},{"start":{"line":32,"column":20},"end":{"line":32,"column":70}},{"start":{"line":33,"column":20},"end":{"line":33,"column":26}}]},"3":{"line":37,"type":"cond-expr","locations":[{"start":{"line":38,"column":14},"end":{"line":38,"column":20}},{"start":{"line":39,"column":14},"end":{"line":39,"column":20}}]},"4":{"line":40,"type":"switch","locations":[{"start":{"line":42,"column":8},"end":{"line":47,"column":18}},{"start":{"line":49,"column":8},"end":{"line":52,"column":18}}]},"5":{"line":44,"type":"binary-expr","locations":[{"start":{"line":44,"column":16},"end":{"line":44,"column":44}},{"start":{"line":44,"column":48},"end":{"line":44,"column":66}}]},"6":{"line":50,"type":"binary-expr","locations":[{"start":{"line":50,"column":21},"end":{"line":50,"column":49}},{"start":{"line":50,"column":53},"end":{"line":50,"column":72}}]},"7":{"line":64,"type":"switch","locations":[{"start":{"line":69,"column":4},"end":{"line":70,"column":14}},{"start":{"line":75,"column":4},"end":{"line":76,"column":14}}]},"8":{"line":85,"type":"switch","locations":[{"start":{"line":90,"column":4},"end":{"line":105,"column":14}},{"start":{"line":111,"column":4},"end":{"line":193,"column":14},"skip":true}]},"9":{"line":91,"type":"binary-expr","locations":[{"start":{"line":91,"column":42},"end":{"line":91,"column":73}},{"start":{"line":91,"column":77},"end":{"line":99,"column":9}}]},"10":{"line":102,"type":"binary-expr","locations":[{"start":{"line":102,"column":18},"end":{"line":102,"column":32}},{"start":{"line":103,"column":12},"end":{"line":103,"column":53}},{"start":{"line":104,"column":12},"end":{"line":104,"column":61}}]},"11":{"line":112,"type":"binary-expr","locations":[{"start":{"line":112,"column":45},"end":{"line":112,"column":79},"skip":true},{"start":{"line":112,"column":83},"end":{"line":121,"column":9},"skip":true}]},"12":{"line":123,"type":"binary-expr","locations":[{"start":{"line":123,"column":42},"end":{"line":123,"column":73},"skip":true},{"start":{"line":123,"column":77},"end":{"line":136,"column":9},"skip":true}]},"13":{"line":138,"type":"binary-expr","locations":[{"start":{"line":138,"column":48},"end":{"line":138,"column":85},"skip":true},{"start":{"line":139,"column":12},"end":{"line":145,"column":13},"skip":true}]},"14":{"line":147,"type":"binary-expr","locations":[{"start":{"line":147,"column":42},"end":{"line":147,"column":73},"skip":true},{"start":{"line":147,"column":77},"end":{"line":156,"column":9},"skip":true}]},"15":{"line":158,"type":"binary-expr","locations":[{"start":{"line":158,"column":45},"end":{"line":158,"column":79},"skip":true},{"start":{"line":158,"column":83},"end":{"line":167,"column":9},"skip":true}]},"16":{"line":169,"type":"binary-expr","locations":[{"start":{"line":169,"column":43},"end":{"line":169,"column":75},"skip":true},{"start":{"line":169,"column":79},"end":{"line":178,"column":9},"skip":true}]},"17":{"line":180,"type":"binary-expr","locations":[{"start":{"line":180,"column":41},"end":{"line":180,"column":71},"skip":true},{"start":{"line":180,"column":75},"end":{"line":189,"column":9},"skip":true}]}},"code":["/* istanbul instrument in package npmtest_nsqjs */","/*jslint","    bitwise: true,","    browser: true,","    maxerr: 8,","    maxlen: 96,","    node: true,","    nomen: true,","    regexp: true,","    stupid: true","*/","(function () {","    'use strict';","    var local;","","","","    // run shared js-env code - pre-init","    (function () {","        // init local","        local = {};","        // init modeJs","        local.modeJs = (function () {","            try {","                return typeof navigator.userAgent === 'string' &&","                    typeof document.querySelector('body') === 'object' &&","                    typeof XMLHttpRequest.prototype.open === 'function' &&","                    'browser';","            } catch (errorCaughtBrowser) {","                return module.exports &&","                    typeof process.versions.node === 'string' &&","                    typeof require('http').createServer === 'function' &&","                    'node';","            }","        }());","        // init global","        local.global = local.modeJs === 'browser'","            ? window","            : global;","        switch (local.modeJs) {","        // re-init local from window.local","        case 'browser':","            local = local.global.utility2.objectSetDefault(","                local.global.utility2_rollup || local.global.local,","                local.global.utility2","            );","            break;","        // re-init local from example.js","        case 'node':","            local = (local.global.utility2_rollup || require('utility2'))","                .requireReadme();","            break;","        }","        // export local","        local.global.local = local;","    }());","","","","    // run shared js-env code - function","    (function () {","        return;","    }());","    switch (local.modeJs) {","","","","    // run browser js-env code - function","    case 'browser':","        break;","","","","    // run node js-env code - function","    case 'node':","        break;","    }","","","","    // run shared js-env code - post-init","    (function () {","        return;","    }());","    switch (local.modeJs) {","","","","    // run browser js-env code - post-init","    case 'browser':","        local.testCase_browser_nullCase = local.testCase_browser_nullCase || function (","            options,","            onError","        ) {","        /*","         * this function will test browsers's null-case handling-behavior-behavior","         */","            onError(null, options);","        };","","        // run tests","        local.nop(local.modeTest &&","            document.querySelector('#testRunButton1') &&","            document.querySelector('#testRunButton1').click());","        break;","","","","    // run node js-env code - post-init","    /* istanbul ignore next */","    case 'node':","        local.testCase_buildApidoc_default = local.testCase_buildApidoc_default || function (","            options,","            onError","        ) {","        /*","         * this function will test buildApidoc's default handling-behavior-behavior","         */","            options = { modulePathList: module.paths };","            local.buildApidoc(options, onError);","        };","","        local.testCase_buildApp_default = local.testCase_buildApp_default || function (","            options,","            onError","        ) {","        /*","         * this function will test buildApp's default handling-behavior-behavior","         */","            local.testCase_buildReadme_default(options, local.onErrorThrow);","            local.testCase_buildLib_default(options, local.onErrorThrow);","            local.testCase_buildTest_default(options, local.onErrorThrow);","            local.testCase_buildCustomOrg_default(options, local.onErrorThrow);","            options = [];","            local.buildApp(options, onError);","        };","","        local.testCase_buildCustomOrg_default = local.testCase_buildCustomOrg_default ||","            function (options, onError) {","            /*","             * this function will test buildCustomOrg's default handling-behavior","             */","                options = {};","                local.buildCustomOrg(options, onError);","            };","","        local.testCase_buildLib_default = local.testCase_buildLib_default || function (","            options,","            onError","        ) {","        /*","         * this function will test buildLib's default handling-behavior","         */","            options = {};","            local.buildLib(options, onError);","        };","","        local.testCase_buildReadme_default = local.testCase_buildReadme_default || function (","            options,","            onError","        ) {","        /*","         * this function will test buildReadme's default handling-behavior-behavior","         */","            options = {};","            local.buildReadme(options, onError);","        };","","        local.testCase_buildTest_default = local.testCase_buildTest_default || function (","            options,","            onError","        ) {","        /*","         * this function will test buildTest's default handling-behavior","         */","            options = {};","            local.buildTest(options, onError);","        };","","        local.testCase_webpage_default = local.testCase_webpage_default || function (","            options,","            onError","        ) {","        /*","         * this function will test webpage's default handling-behavior","         */","            options = { modeCoverageMerge: true, url: local.serverLocalHost + '?modeTest=1' };","            local.browserTest(options, onError);","        };","","        // run test-server","        local.testRunServer(local);","        break;","    }","}());",""],"l":{"12":2,"14":2,"19":2,"21":2,"23":2,"24":2,"25":2,"30":1,"37":2,"40":2,"43":1,"47":1,"50":1,"52":1,"55":2,"61":2,"62":2,"64":2,"70":1,"76":1,"82":2,"83":2,"85":2,"91":1,"98":1,"102":1,"105":1,"112":1,"119":1,"120":1,"123":1,"130":1,"131":1,"132":1,"133":1,"134":1,"135":1,"138":1,"143":2,"144":2,"147":1,"154":2,"155":2,"158":1,"165":2,"166":2,"169":1,"176":2,"177":2,"180":1,"187":1,"188":1,"192":1,"193":1}},"/home/travis/build/npmtest/node-npmtest-nsqjs/lib.npmtest_nsqjs.js":{"path":"/home/travis/build/npmtest/node-npmtest-nsqjs/lib.npmtest_nsqjs.js","s":{"1":2,"2":2,"3":2,"4":2,"5":2,"6":2,"7":2,"8":1,"9":2,"10":2,"11":2,"12":2,"13":1,"14":1,"15":1,"16":1},"b":{"1":[2,1,1,1],"2":[1,1,1,1],"3":[1,1],"4":[2,2],"5":[1,1]},"f":{"1":2,"2":2,"3":2},"fnMap":{"1":{"name":"(anonymous_1)","line":12,"loc":{"start":{"line":12,"column":1},"end":{"line":12,"column":13}}},"2":{"name":"(anonymous_2)","line":19,"loc":{"start":{"line":19,"column":5},"end":{"line":19,"column":17}}},"3":{"name":"(anonymous_3)","line":23,"loc":{"start":{"line":23,"column":24},"end":{"line":23,"column":36}}}},"statementMap":{"1":{"start":{"line":12,"column":0},"end":{"line":53,"column":5}},"2":{"start":{"line":14,"column":4},"end":{"line":14,"column":14}},"3":{"start":{"line":19,"column":4},"end":{"line":52,"column":9}},"4":{"start":{"line":21,"column":8},"end":{"line":21,"column":19}},"5":{"start":{"line":23,"column":8},"end":{"line":35,"column":13}},"6":{"start":{"line":24,"column":12},"end":{"line":34,"column":13}},"7":{"start":{"line":25,"column":16},"end":{"line":28,"column":30}},"8":{"start":{"line":30,"column":16},"end":{"line":33,"column":27}},"9":{"start":{"line":37,"column":8},"end":{"line":39,"column":21}},"10":{"start":{"line":41,"column":8},"end":{"line":41,"column":54}},"11":{"start":{"line":43,"column":8},"end":{"line":43,"column":50}},"12":{"start":{"line":45,"column":8},"end":{"line":51,"column":9}},"13":{"start":{"line":46,"column":12},"end":{"line":46,"column":56}},"14":{"start":{"line":48,"column":12},"end":{"line":48,"column":35}},"15":{"start":{"line":49,"column":12},"end":{"line":49,"column":49}},"16":{"start":{"line":50,"column":12},"end":{"line":50,"column":43}}},"branchMap":{"1":{"line":25,"type":"binary-expr","locations":[{"start":{"line":25,"column":23},"end":{"line":25,"column":62}},{"start":{"line":26,"column":20},"end":{"line":26,"column":70}},{"start":{"line":27,"column":20},"end":{"line":27,"column":71}},{"start":{"line":28,"column":20},"end":{"line":28,"column":29}}]},"2":{"line":30,"type":"binary-expr","locations":[{"start":{"line":30,"column":23},"end":{"line":30,"column":37}},{"start":{"line":31,"column":20},"end":{"line":31,"column":61}},{"start":{"line":32,"column":20},"end":{"line":32,"column":70}},{"start":{"line":33,"column":20},"end":{"line":33,"column":26}}]},"3":{"line":37,"type":"cond-expr","locations":[{"start":{"line":38,"column":14},"end":{"line":38,"column":20}},{"start":{"line":39,"column":14},"end":{"line":39,"column":20}}]},"4":{"line":41,"type":"binary-expr","locations":[{"start":{"line":41,"column":16},"end":{"line":41,"column":44}},{"start":{"line":41,"column":48},"end":{"line":41,"column":53}}]},"5":{"line":45,"type":"if","locations":[{"start":{"line":45,"column":8},"end":{"line":45,"column":8}},{"start":{"line":45,"column":8},"end":{"line":45,"column":8}}]}},"code":["/* istanbul instrument in package npmtest_nsqjs */","/*jslint","    bitwise: true,","    browser: true,","    maxerr: 8,","    maxlen: 96,","    node: true,","    nomen: true,","    regexp: true,","    stupid: true","*/","(function () {","    'use strict';","    var local;","","","","    // run shared js-env code - pre-init","    (function () {","        // init local","        local = {};","        // init modeJs","        local.modeJs = (function () {","            try {","                return typeof navigator.userAgent === 'string' &&","                    typeof document.querySelector('body') === 'object' &&","                    typeof XMLHttpRequest.prototype.open === 'function' &&","                    'browser';","            } catch (errorCaughtBrowser) {","                return module.exports &&","                    typeof process.versions.node === 'string' &&","                    typeof require('http').createServer === 'function' &&","                    'node';","            }","        }());","        // init global","        local.global = local.modeJs === 'browser'","            ? window","            : global;","        // init utility2_rollup","        local = local.global.utility2_rollup || local;","        // init lib","        local.local = local.npmtest_nsqjs = local;","        // init exports","        if (local.modeJs === 'browser') {","            local.global.utility2_npmtest_nsqjs = local;","        } else {","            module.exports = local;","            module.exports.__dirname = __dirname;","            module.exports.module = module;","        }","    }());","}());",""],"l":{"12":2,"14":2,"19":2,"21":2,"23":2,"24":2,"25":2,"30":1,"37":2,"41":2,"43":2,"45":2,"46":1,"48":1,"49":1,"50":1}},"/home/travis/build/npmtest/node-npmtest-nsqjs/example.js":{"path":"/home/travis/build/npmtest/node-npmtest-nsqjs/example.js","s":{"1":2,"2":2,"3":2,"4":2,"5":2,"6":2,"7":2,"8":1,"9":2,"10":2,"11":2,"12":2,"13":1,"14":2,"15":2,"16":2,"17":2,"18":2,"19":0,"20":2,"21":1,"22":1,"23":1,"24":1,"25":1,"26":0,"27":0,"28":1,"29":1,"30":2,"31":0,"32":0,"33":0,"34":1,"35":2,"36":2,"37":3,"38":3,"39":3,"40":3,"41":0,"42":3,"43":3,"44":3,"45":1,"46":3,"47":1,"48":1,"49":1,"50":1,"51":1,"52":1,"53":1,"54":1,"55":1,"56":1,"57":0,"58":1,"59":6,"60":6,"61":1,"62":2,"63":0,"64":2,"65":1,"66":1,"67":0,"68":0,"69":0,"70":0,"71":0,"72":0,"73":0,"74":0,"75":0,"76":0,"77":0,"78":0,"79":0,"80":0,"81":0,"82":0,"83":0},"b":{"1":[2,1,1,1],"2":[1,1,1,1],"3":[1,1],"4":[2,2],"5":[1,1],"6":[1,1],"7":[2,0],"8":[2,1,1,1,1,1],"9":[0,2,0],"10":[1,1],"11":[2,1,1],"12":[1,0],"13":[0,2],"14":[2,0,0,0,0,0,0],"15":[0,3],"16":[3,0],"17":[1,1],"18":[0,1],"19":[1,2,0,2],"20":[1,0],"21":[1,1],"22":[0,0],"23":[0,0],"24":[0,0],"25":[0,0],"26":[0,0],"27":[0,0],"28":[0,0]},"f":{"1":2,"2":2,"3":2,"4":2,"5":2,"6":2,"7":3,"8":3,"9":3,"10":1,"11":6,"12":0},"fnMap":{"1":{"name":"(anonymous_1)","line":26,"loc":{"start":{"line":26,"column":1},"end":{"line":26,"column":13}}},"2":{"name":"(anonymous_2)","line":33,"loc":{"start":{"line":33,"column":5},"end":{"line":33,"column":17}}},"3":{"name":"(anonymous_3)","line":37,"loc":{"start":{"line":37,"column":24},"end":{"line":37,"column":36}}},"4":{"name":"(anonymous_4)","line":69,"loc":{"start":{"line":69,"column":31},"end":{"line":69,"column":48}},"skip":true},"5":{"name":"(anonymous_5)","line":78,"loc":{"start":{"line":78,"column":26},"end":{"line":78,"column":45}},"skip":true},"6":{"name":"(anonymous_6)","line":123,"loc":{"start":{"line":123,"column":33},"end":{"line":123,"column":48}},"skip":true},"7":{"name":"(anonymous_7)","line":125,"loc":{"start":{"line":125,"column":27},"end":{"line":125,"column":39}},"skip":true},"8":{"name":"(anonymous_8)","line":133,"loc":{"start":{"line":133,"column":59},"end":{"line":133,"column":74}},"skip":true},"9":{"name":"(anonymous_9)","line":143,"loc":{"start":{"line":143,"column":45},"end":{"line":143,"column":62}},"skip":true},"10":{"name":"(anonymous_10)","line":144,"loc":{"start":{"line":144,"column":73},"end":{"line":144,"column":92}},"skip":true},"11":{"name":"(anonymous_11)","line":272,"loc":{"start":{"line":272,"column":51},"end":{"line":272,"column":77}},"skip":true},"12":{"name":"(anonymous_12)","line":315,"loc":{"start":{"line":315,"column":32},"end":{"line":315,"column":61}},"skip":true}},"statementMap":{"1":{"start":{"line":26,"column":0},"end":{"line":326,"column":5}},"2":{"start":{"line":28,"column":4},"end":{"line":28,"column":14}},"3":{"start":{"line":33,"column":4},"end":{"line":60,"column":9}},"4":{"start":{"line":35,"column":8},"end":{"line":35,"column":19}},"5":{"start":{"line":37,"column":8},"end":{"line":49,"column":13}},"6":{"start":{"line":38,"column":12},"end":{"line":48,"column":13}},"7":{"start":{"line":39,"column":16},"end":{"line":42,"column":30}},"8":{"start":{"line":44,"column":16},"end":{"line":47,"column":27}},"9":{"start":{"line":51,"column":8},"end":{"line":53,"column":21}},"10":{"start":{"line":55,"column":8},"end":{"line":57,"column":45}},"11":{"start":{"line":59,"column":8},"end":{"line":59,"column":35}},"12":{"start":{"line":61,"column":4},"end":{"line":325,"column":5}},"13":{"start":{"line":69,"column":8},"end":{"line":121,"column":10},"skip":true},"14":{"start":{"line":70,"column":12},"end":{"line":88,"column":13},"skip":true},"15":{"start":{"line":76,"column":16},"end":{"line":87,"column":19},"skip":true},"16":{"start":{"line":79,"column":20},"end":{"line":86,"column":21},"skip":true},"17":{"start":{"line":82,"column":24},"end":{"line":82,"column":43},"skip":true},"18":{"start":{"line":83,"column":24},"end":{"line":83,"column":30},"skip":true},"19":{"start":{"line":85,"column":24},"end":{"line":85,"column":49},"skip":true},"20":{"start":{"line":89,"column":12},"end":{"line":107,"column":13},"skip":true},"21":{"start":{"line":92,"column":16},"end":{"line":102,"column":17},"skip":true},"22":{"start":{"line":93,"column":20},"end":{"line":93,"column":86},"skip":true},"23":{"start":{"line":94,"column":20},"end":{"line":95,"column":45},"skip":true},"24":{"start":{"line":96,"column":20},"end":{"line":96,"column":42},"skip":true},"25":{"start":{"line":97,"column":20},"end":{"line":97,"column":48},"skip":true},"26":{"start":{"line":100,"column":20},"end":{"line":100,"column":85},"skip":true},"27":{"start":{"line":101,"column":20},"end":{"line":101,"column":96},"skip":true},"28":{"start":{"line":103,"column":16},"end":{"line":103,"column":22},"skip":true},"29":{"start":{"line":106,"column":16},"end":{"line":106,"column":22},"skip":true},"30":{"start":{"line":108,"column":12},"end":{"line":120,"column":13},"skip":true},"31":{"start":{"line":114,"column":16},"end":{"line":119,"column":17},"skip":true},"32":{"start":{"line":116,"column":20},"end":{"line":116,"column":78},"skip":true},"33":{"start":{"line":118,"column":20},"end":{"line":118,"column":47},"skip":true},"34":{"start":{"line":123,"column":8},"end":{"line":141,"column":11},"skip":true},"35":{"start":{"line":124,"column":12},"end":{"line":124,"column":54},"skip":true},"36":{"start":{"line":125,"column":12},"end":{"line":140,"column":14},"skip":true},"37":{"start":{"line":126,"column":16},"end":{"line":126,"column":28},"skip":true},"38":{"start":{"line":127,"column":16},"end":{"line":127,"column":69},"skip":true},"39":{"start":{"line":128,"column":16},"end":{"line":128,"column":75},"skip":true},"40":{"start":{"line":129,"column":16},"end":{"line":131,"column":17},"skip":true},"41":{"start":{"line":130,"column":20},"end":{"line":130,"column":27},"skip":true},"42":{"start":{"line":133,"column":16},"end":{"line":137,"column":36},"skip":true},"43":{"start":{"line":134,"column":20},"end":{"line":136,"column":55},"skip":true},"44":{"start":{"line":139,"column":16},"end":{"line":139,"column":57},"skip":true},"45":{"start":{"line":143,"column":8},"end":{"line":147,"column":11},"skip":true},"46":{"start":{"line":144,"column":12},"end":{"line":146,"column":15},"skip":true},"47":{"start":{"line":145,"column":16},"end":{"line":145,"column":70},"skip":true},"48":{"start":{"line":149,"column":8},"end":{"line":149,"column":31},"skip":true},"49":{"start":{"line":150,"column":8},"end":{"line":150,"column":14},"skip":true},"50":{"start":{"line":158,"column":8},"end":{"line":158,"column":31},"skip":true},"51":{"start":{"line":160,"column":8},"end":{"line":160,"column":33},"skip":true},"52":{"start":{"line":161,"column":8},"end":{"line":161,"column":37},"skip":true},"53":{"start":{"line":162,"column":8},"end":{"line":162,"column":35},"skip":true},"54":{"start":{"line":164,"column":8},"end":{"line":164,"column":50},"skip":true},"55":{"start":{"line":166,"column":8},"end":{"line":256,"column":2},"skip":true},"56":{"start":{"line":258,"column":8},"end":{"line":286,"column":9},"skip":true},"57":{"start":{"line":259,"column":12},"end":{"line":269,"column":14},"skip":true},"58":{"start":{"line":271,"column":12},"end":{"line":285,"column":19},"skip":true},"59":{"start":{"line":274,"column":20},"end":{"line":274,"column":35},"skip":true},"60":{"start":{"line":275,"column":20},"end":{"line":284,"column":21},"skip":true},"61":{"start":{"line":277,"column":24},"end":{"line":277,"column":64},"skip":true},"62":{"start":{"line":279,"column":24},"end":{"line":279,"column":40},"skip":true},"63":{"start":{"line":281,"column":24},"end":{"line":281,"column":40},"skip":true},"64":{"start":{"line":283,"column":24},"end":{"line":283,"column":39},"skip":true},"65":{"start":{"line":288,"column":8},"end":{"line":290,"column":9},"skip":true},"66":{"start":{"line":289,"column":12},"end":{"line":289,"column":18},"skip":true},"67":{"start":{"line":291,"column":8},"end":{"line":293,"column":54},"skip":true},"68":{"start":{"line":296,"column":8},"end":{"line":301,"column":37},"skip":true},"69":{"start":{"line":303,"column":8},"end":{"line":303,"column":82},"skip":true},"70":{"start":{"line":306,"column":8},"end":{"line":308,"column":9},"skip":true},"71":{"start":{"line":307,"column":12},"end":{"line":307,"column":82},"skip":true},"72":{"start":{"line":310,"column":8},"end":{"line":312,"column":9},"skip":true},"73":{"start":{"line":311,"column":12},"end":{"line":311,"column":18},"skip":true},"74":{"start":{"line":313,"column":8},"end":{"line":313,"column":54},"skip":true},"75":{"start":{"line":314,"column":8},"end":{"line":314,"column":69},"skip":true},"76":{"start":{"line":315,"column":8},"end":{"line":323,"column":36},"skip":true},"77":{"start":{"line":316,"column":12},"end":{"line":316,"column":61},"skip":true},"78":{"start":{"line":317,"column":12},"end":{"line":320,"column":13},"skip":true},"79":{"start":{"line":318,"column":16},"end":{"line":318,"column":75},"skip":true},"80":{"start":{"line":319,"column":16},"end":{"line":319,"column":23},"skip":true},"81":{"start":{"line":321,"column":12},"end":{"line":321,"column":38},"skip":true},"82":{"start":{"line":322,"column":12},"end":{"line":322,"column":27},"skip":true},"83":{"start":{"line":324,"column":8},"end":{"line":324,"column":14},"skip":true}},"branchMap":{"1":{"line":39,"type":"binary-expr","locations":[{"start":{"line":39,"column":23},"end":{"line":39,"column":62}},{"start":{"line":40,"column":20},"end":{"line":40,"column":70}},{"start":{"line":41,"column":20},"end":{"line":41,"column":71}},{"start":{"line":42,"column":20},"end":{"line":42,"column":29}}]},"2":{"line":44,"type":"binary-expr","locations":[{"start":{"line":44,"column":23},"end":{"line":44,"column":37}},{"start":{"line":45,"column":20},"end":{"line":45,"column":61}},{"start":{"line":46,"column":20},"end":{"line":46,"column":70}},{"start":{"line":47,"column":20},"end":{"line":47,"column":26}}]},"3":{"line":51,"type":"cond-expr","locations":[{"start":{"line":52,"column":14},"end":{"line":52,"column":20}},{"start":{"line":53,"column":14},"end":{"line":53,"column":20}}]},"4":{"line":55,"type":"binary-expr","locations":[{"start":{"line":55,"column":16},"end":{"line":55,"column":44}},{"start":{"line":55,"column":49},"end":{"line":57,"column":43}}]},"5":{"line":55,"type":"cond-expr","locations":[{"start":{"line":56,"column":14},"end":{"line":56,"column":49}},{"start":{"line":57,"column":14},"end":{"line":57,"column":43}}]},"6":{"line":61,"type":"switch","locations":[{"start":{"line":68,"column":4},"end":{"line":150,"column":14},"skip":true},{"start":{"line":156,"column":4},"end":{"line":324,"column":14},"skip":true}]},"7":{"line":70,"type":"if","locations":[{"start":{"line":70,"column":12},"end":{"line":70,"column":12},"skip":true},{"start":{"line":70,"column":12},"end":{"line":70,"column":12},"skip":true}]},"8":{"line":70,"type":"binary-expr","locations":[{"start":{"line":70,"column":16},"end":{"line":70,"column":22},"skip":true},{"start":{"line":70,"column":27},"end":{"line":70,"column":32},"skip":true},{"start":{"line":71,"column":20},"end":{"line":71,"column":39},"skip":true},{"start":{"line":72,"column":20},"end":{"line":72,"column":49},"skip":true},{"start":{"line":73,"column":20},"end":{"line":73,"column":58},"skip":true},{"start":{"line":74,"column":20},"end":{"line":74,"column":69},"skip":true}]},"9":{"line":79,"type":"switch","locations":[{"start":{"line":80,"column":20},"end":{"line":80,"column":33},"skip":true},{"start":{"line":81,"column":20},"end":{"line":83,"column":30},"skip":true},{"start":{"line":84,"column":20},"end":{"line":85,"column":49},"skip":true}]},"10":{"line":89,"type":"switch","locations":[{"start":{"line":90,"column":12},"end":{"line":103,"column":22},"skip":true},{"start":{"line":105,"column":12},"end":{"line":106,"column":22},"skip":true}]},"11":{"line":89,"type":"binary-expr","locations":[{"start":{"line":89,"column":20},"end":{"line":89,"column":25},"skip":true},{"start":{"line":89,"column":29},"end":{"line":89,"column":48},"skip":true},{"start":{"line":89,"column":52},"end":{"line":89,"column":74},"skip":true}]},"12":{"line":92,"type":"if","locations":[{"start":{"line":92,"column":16},"end":{"line":92,"column":16},"skip":true},{"start":{"line":92,"column":16},"end":{"line":92,"column":16},"skip":true}]},"13":{"line":108,"type":"if","locations":[{"start":{"line":108,"column":12},"end":{"line":108,"column":12},"skip":true},{"start":{"line":108,"column":12},"end":{"line":108,"column":12},"skip":true}]},"14":{"line":108,"type":"binary-expr","locations":[{"start":{"line":108,"column":16},"end":{"line":108,"column":61},"skip":true},{"start":{"line":108,"column":66},"end":{"line":108,"column":72},"skip":true},{"start":{"line":108,"column":77},"end":{"line":108,"column":82},"skip":true},{"start":{"line":109,"column":20},"end":{"line":109,"column":39},"skip":true},{"start":{"line":110,"column":20},"end":{"line":110,"column":49},"skip":true},{"start":{"line":111,"column":20},"end":{"line":111,"column":58},"skip":true},{"start":{"line":112,"column":20},"end":{"line":112,"column":68},"skip":true}]},"15":{"line":129,"type":"if","locations":[{"start":{"line":129,"column":16},"end":{"line":129,"column":16},"skip":true},{"start":{"line":129,"column":16},"end":{"line":129,"column":16},"skip":true}]},"16":{"line":134,"type":"cond-expr","locations":[{"start":{"line":135,"column":26},"end":{"line":135,"column":29},"skip":true},{"start":{"line":136,"column":26},"end":{"line":136,"column":54},"skip":true}]},"17":{"line":164,"type":"binary-expr","locations":[{"start":{"line":164,"column":27},"end":{"line":164,"column":43},"skip":true},{"start":{"line":164,"column":47},"end":{"line":164,"column":49},"skip":true}]},"18":{"line":258,"type":"if","locations":[{"start":{"line":258,"column":8},"end":{"line":258,"column":8},"skip":true},{"start":{"line":258,"column":8},"end":{"line":258,"column":8},"skip":true}]},"19":{"line":275,"type":"switch","locations":[{"start":{"line":276,"column":20},"end":{"line":277,"column":64},"skip":true},{"start":{"line":278,"column":20},"end":{"line":279,"column":40},"skip":true},{"start":{"line":280,"column":20},"end":{"line":281,"column":40},"skip":true},{"start":{"line":282,"column":20},"end":{"line":283,"column":39},"skip":true}]},"20":{"line":288,"type":"if","locations":[{"start":{"line":288,"column":8},"end":{"line":288,"column":8},"skip":true},{"start":{"line":288,"column":8},"end":{"line":288,"column":8},"skip":true}]},"21":{"line":288,"type":"binary-expr","locations":[{"start":{"line":288,"column":12},"end":{"line":288,"column":40},"skip":true},{"start":{"line":288,"column":44},"end":{"line":288,"column":67},"skip":true}]},"22":{"line":292,"type":"binary-expr","locations":[{"start":{"line":292,"column":12},"end":{"line":292,"column":50},"skip":true},{"start":{"line":293,"column":12},"end":{"line":293,"column":53},"skip":true}]},"23":{"line":297,"type":"binary-expr","locations":[{"start":{"line":297,"column":12},"end":{"line":297,"column":63},"skip":true},{"start":{"line":298,"column":12},"end":{"line":301,"column":36},"skip":true}]},"24":{"line":303,"type":"binary-expr","locations":[{"start":{"line":303,"column":43},"end":{"line":303,"column":75},"skip":true},{"start":{"line":303,"column":79},"end":{"line":303,"column":81},"skip":true}]},"25":{"line":306,"type":"if","locations":[{"start":{"line":306,"column":8},"end":{"line":306,"column":8},"skip":true},{"start":{"line":306,"column":8},"end":{"line":306,"column":8},"skip":true}]},"26":{"line":310,"type":"if","locations":[{"start":{"line":310,"column":8},"end":{"line":310,"column":8},"skip":true},{"start":{"line":310,"column":8},"end":{"line":310,"column":8},"skip":true}]},"27":{"line":313,"type":"binary-expr","locations":[{"start":{"line":313,"column":27},"end":{"line":313,"column":43},"skip":true},{"start":{"line":313,"column":47},"end":{"line":313,"column":53},"skip":true}]},"28":{"line":317,"type":"if","locations":[{"start":{"line":317,"column":12},"end":{"line":317,"column":12},"skip":true},{"start":{"line":317,"column":12},"end":{"line":317,"column":12},"skip":true}]}},"code":["/*","example.js","","quickstart example","","instruction","    1. save this script as example.js","    2. run the shell command:","        $ npm install npmtest-nsqjs && PORT=8081 node example.js","    3. play with the browser-demo on http://127.0.0.1:8081","*/","","","","/* istanbul instrument in package npmtest_nsqjs */","/*jslint","    bitwise: true,","    browser: true,","    maxerr: 8,","    maxlen: 96,","    node: true,","    nomen: true,","    regexp: true,","    stupid: true","*/","(function () {","    'use strict';","    var local;","","","","    // run shared js-env code - pre-init","    (function () {","        // init local","        local = {};","        // init modeJs","        local.modeJs = (function () {","            try {","                return typeof navigator.userAgent === 'string' &&","                    typeof document.querySelector('body') === 'object' &&","                    typeof XMLHttpRequest.prototype.open === 'function' &&","                    'browser';","            } catch (errorCaughtBrowser) {","                return module.exports &&","                    typeof process.versions.node === 'string' &&","                    typeof require('http').createServer === 'function' &&","                    'node';","            }","        }());","        // init global","        local.global = local.modeJs === 'browser'","            ? window","            : global;","        // init utility2_rollup","        local = local.global.utility2_rollup || (local.modeJs === 'browser'","            ? local.global.utility2_npmtest_nsqjs","            : global.utility2_moduleExports);","        // export local","        local.global.local = local;","    }());","    switch (local.modeJs) {","","","","    // post-init","    // run browser js-env code - post-init","    /* istanbul ignore next */","    case 'browser':","        local.testRunBrowser = function (event) {","            if (!event || (event &&","                    event.currentTarget &&","                    event.currentTarget.className &&","                    event.currentTarget.className.includes &&","                    event.currentTarget.className.includes('onreset'))) {","                // reset output","                Array.from(","                    document.querySelectorAll('body > .resettable')","                ).forEach(function (element) {","                    switch (element.tagName) {","                    case 'INPUT':","                    case 'TEXTAREA':","                        element.value = '';","                        break;","                    default:","                        element.textContent = '';","                    }","                });","            }","            switch (event && event.currentTarget && event.currentTarget.id) {","            case 'testRunButton1':","                // show tests","                if (document.querySelector('#testReportDiv1').style.display === 'none') {","                    document.querySelector('#testReportDiv1').style.display = 'block';","                    document.querySelector('#testRunButton1').textContent =","                        'hide internal test';","                    local.modeTest = true;","                    local.testRunDefault(local);","                // hide tests","                } else {","                    document.querySelector('#testReportDiv1').style.display = 'none';","                    document.querySelector('#testRunButton1').textContent = 'run internal test';","                }","                break;","            // custom-case","            default:","                break;","            }","            if (document.querySelector('#inputTextareaEval1') && (!event || (event &&","                    event.currentTarget &&","                    event.currentTarget.className &&","                    event.currentTarget.className.includes &&","                    event.currentTarget.className.includes('oneval')))) {","                // try to eval input-code","                try {","                    /*jslint evil: true*/","                    eval(document.querySelector('#inputTextareaEval1').value);","                } catch (errorCaught) {","                    console.error(errorCaught);","                }","            }","        };","        // log stderr and stdout to #outputTextareaStdout1","        ['error', 'log'].forEach(function (key) {","            console[key + '_original'] = console[key];","            console[key] = function () {","                var element;","                console[key + '_original'].apply(console, arguments);","                element = document.querySelector('#outputTextareaStdout1');","                if (!element) {","                    return;","                }","                // append text to #outputTextareaStdout1","                element.value += Array.from(arguments).map(function (arg) {","                    return typeof arg === 'string'","                        ? arg","                        : JSON.stringify(arg, null, 4);","                }).join(' ') + '\\n';","                // scroll textarea to bottom","                element.scrollTop = element.scrollHeight;","            };","        });","        // init event-handling","        ['change', 'click', 'keyup'].forEach(function (event) {","            Array.from(document.querySelectorAll('.on' + event)).forEach(function (element) {","                element.addEventListener(event, local.testRunBrowser);","            });","        });","        // run tests","        local.testRunBrowser();","        break;","","","","    // run node js-env code - post-init","    /* istanbul ignore next */","    case 'node':","        // export local","        module.exports = local;","        // require modules","        local.fs = require('fs');","        local.http = require('http');","        local.url = require('url');","        // init assets","        local.assetsDict = local.assetsDict || {};","        /* jslint-ignore-begin */","        local.assetsDict['/assets.index.template.html'] = '\\","<!doctype html>\\n\\","<html lang=\"en\">\\n\\","<head>\\n\\","<meta charset=\"UTF-8\">\\n\\","<meta name=\"viewport\" content=\"width=device-width, initial-scale=1\">\\n\\","<title>{{env.npm_package_name}} (v{{env.npm_package_version}})</title>\\n\\","<style>\\n\\","/*csslint\\n\\","    box-sizing: false,\\n\\","    universal-selector: false\\n\\","*/\\n\\","* {\\n\\","    box-sizing: border-box;\\n\\","}\\n\\","body {\\n\\","    background: #dde;\\n\\","    font-family: Arial, Helvetica, sans-serif;\\n\\","    margin: 2rem;\\n\\","}\\n\\","body > * {\\n\\","    margin-bottom: 1rem;\\n\\","}\\n\\",".utility2FooterDiv {\\n\\","    margin-top: 20px;\\n\\","    text-align: center;\\n\\","}\\n\\","</style>\\n\\","<style>\\n\\","/*csslint\\n\\","*/\\n\\","textarea {\\n\\","    font-family: monospace;\\n\\","    height: 10rem;\\n\\","    width: 100%;\\n\\","}\\n\\","textarea[readonly] {\\n\\","    background: #ddd;\\n\\","}\\n\\","</style>\\n\\","</head>\\n\\","<body>\\n\\","<!-- utility2-comment\\n\\","<div id=\"ajaxProgressDiv1\" style=\"background: #d00; height: 2px; left: 0; margin: 0; padding: 0; position: fixed; top: 0; transition: background 0.5s, width 1.5s; width: 25%;\"></div>\\n\\","utility2-comment -->\\n\\","<h1>\\n\\","<!-- utility2-comment\\n\\","    <a\\n\\","        {{#if env.npm_package_homepage}}\\n\\","        href=\"{{env.npm_package_homepage}}\"\\n\\","        {{/if env.npm_package_homepage}}\\n\\","        target=\"_blank\"\\n\\","    >\\n\\","utility2-comment -->\\n\\","        {{env.npm_package_name}} (v{{env.npm_package_version}})\\n\\","<!-- utility2-comment\\n\\","    </a>\\n\\","utility2-comment -->\\n\\","</h1>\\n\\","<h3>{{env.npm_package_description}}</h3>\\n\\","<!-- utility2-comment\\n\\","<h4><a download href=\"assets.app.js\">download standalone app</a></h4>\\n\\","<button class=\"onclick onreset\" id=\"testRunButton1\">run internal test</button><br>\\n\\","<div id=\"testReportDiv1\" style=\"display: none;\"></div>\\n\\","utility2-comment -->\\n\\","\\n\\","\\n\\","\\n\\","<label>stderr and stdout</label>\\n\\","<textarea class=\"resettable\" id=\"outputTextareaStdout1\" readonly></textarea>\\n\\","<!-- utility2-comment\\n\\","{{#if isRollup}}\\n\\","<script src=\"assets.app.js\"></script>\\n\\","{{#unless isRollup}}\\n\\","utility2-comment -->\\n\\","<script src=\"assets.utility2.rollup.js\"></script>\\n\\","<script src=\"jsonp.utility2._stateInit?callback=window.utility2._stateInit\"></script>\\n\\","<script src=\"assets.npmtest_nsqjs.rollup.js\"></script>\\n\\","<script src=\"assets.example.js\"></script>\\n\\","<script src=\"assets.test.js\"></script>\\n\\","<!-- utility2-comment\\n\\","{{/if isRollup}}\\n\\","utility2-comment -->\\n\\","<div class=\"utility2FooterDiv\">\\n\\","    [ this app was created with\\n\\","    <a href=\"https://github.com/kaizhu256/node-utility2\" target=\"_blank\">utility2</a>\\n\\","    ]\\n\\","</div>\\n\\","</body>\\n\\","</html>\\n\\","';","        /* jslint-ignore-end */","        if (local.templateRender) {","            local.assetsDict['/'] = local.templateRender(","                local.assetsDict['/assets.index.template.html'],","                {","                    env: local.objectSetDefault(local.env, {","                        npm_package_description: 'the greatest app in the world!',","                        npm_package_name: 'my-app',","                        npm_package_nameAlias: 'my_app',","                        npm_package_version: '0.0.1'","                    })","                }","            );","        } else {","            local.assetsDict['/'] = local.assetsDict['/assets.index.template.html']","                .replace((/\\{\\{env\\.(\\w+?)\\}\\}/g), function (match0, match1) {","                    // jslint-hack","                    String(match0);","                    switch (match1) {","                    case 'npm_package_description':","                        return 'the greatest app in the world!';","                    case 'npm_package_name':","                        return 'my-app';","                    case 'npm_package_nameAlias':","                        return 'my_app';","                    case 'npm_package_version':","                        return '0.0.1';","                    }","                });","        }","        // run the cli","        if (local.global.utility2_rollup || module !== require.main) {","            break;","        }","        local.assetsDict['/assets.example.js'] =","            local.assetsDict['/assets.example.js'] ||","            local.fs.readFileSync(__filename, 'utf8');","        // bug-workaround - long $npm_package_buildCustomOrg","        /* jslint-ignore-begin */","        local.assetsDict['/assets.npmtest_nsqjs.rollup.js'] =","            local.assetsDict['/assets.npmtest_nsqjs.rollup.js'] ||","            local.fs.readFileSync(","                local.npmtest_nsqjs.__dirname + '/lib.npmtest_nsqjs.js',","                'utf8'","            ).replace((/^#!/), '//');","        /* jslint-ignore-end */","        local.assetsDict['/favicon.ico'] = local.assetsDict['/favicon.ico'] || '';","        // if $npm_config_timeout_exit exists,","        // then exit this process after $npm_config_timeout_exit ms","        if (Number(process.env.npm_config_timeout_exit)) {","            setTimeout(process.exit, Number(process.env.npm_config_timeout_exit));","        }","        // start server","        if (local.global.utility2_serverHttp1) {","            break;","        }","        process.env.PORT = process.env.PORT || '8081';","        console.error('server starting on port ' + process.env.PORT);","        local.http.createServer(function (request, response) {","            request.urlParsed = local.url.parse(request.url);","            if (local.assetsDict[request.urlParsed.pathname] !== undefined) {","                response.end(local.assetsDict[request.urlParsed.pathname]);","                return;","            }","            response.statusCode = 404;","            response.end();","        }).listen(process.env.PORT);","        break;","    }","}());",""],"l":{"26":2,"28":2,"33":2,"35":2,"37":2,"38":2,"39":2,"44":1,"51":2,"55":2,"59":2,"61":2,"69":1,"70":2,"76":2,"79":2,"82":2,"83":2,"85":1,"89":2,"92":1,"93":1,"94":1,"96":1,"97":1,"100":1,"101":1,"103":1,"106":1,"108":2,"114":1,"116":1,"118":1,"123":1,"124":2,"125":2,"126":3,"127":3,"128":3,"129":3,"130":1,"133":3,"134":3,"139":3,"143":1,"144":3,"145":1,"149":1,"150":1,"158":1,"160":1,"161":1,"162":1,"164":1,"166":1,"258":1,"259":1,"271":1,"274":6,"275":6,"277":1,"279":2,"281":1,"283":2,"288":1,"289":1,"291":1,"296":1,"303":1,"306":1,"307":1,"310":1,"311":1,"313":1,"314":1,"315":1,"316":1,"317":1,"318":1,"319":1,"321":1,"322":1,"324":1}},"/home/travis/build/npmtest/node-npmtest-nsqjs/node_modules/nsqjs/lib/nsq.js":{"path":"/home/travis/build/npmtest/node-npmtest-nsqjs/node_modules/nsqjs/lib/nsq.js","s":{"1":1,"2":1,"3":1},"b":{},"f":{},"fnMap":{},"statementMap":{"1":{"start":{"line":2,"column":0},"end":{"line":2,"column":46}},"2":{"start":{"line":4,"column":0},"end":{"line":4,"column":120}},"3":{"start":{"line":6,"column":0},"end":{"line":11,"column":2}}},"branchMap":{},"code":["// Generated by CoffeeScript 1.12.5","var NSQDConnection, WriterNSQDConnection, ref;","","ref = require('./nsqdconnection'), NSQDConnection = ref.NSQDConnection, WriterNSQDConnection = ref.WriterNSQDConnection;","","module.exports = {","  Reader: require('./reader'),","  Writer: require('./writer'),","  NSQDConnection: NSQDConnection,","  WriterNSQDConnection: WriterNSQDConnection","};",""],"l":{"2":1,"4":1,"6":1}},"/home/travis/build/npmtest/node-npmtest-nsqjs/node_modules/nsqjs/lib/nsqdconnection.js":{"path":"/home/travis/build/npmtest/node-npmtest-nsqjs/node_modules/nsqjs/lib/nsqdconnection.js","s":{"1":1,"2":4,"3":21,"4":21,"5":1,"6":4,"7":4,"8":4,"9":4,"10":4,"11":1,"12":1,"13":1,"14":1,"15":1,"16":1,"17":1,"18":1,"19":1,"20":1,"21":1,"22":1,"23":1,"24":1,"25":1,"26":1,"27":1,"28":1,"29":1,"30":1,"31":1,"32":1,"33":1,"34":1,"35":1,"36":1,"37":1,"38":0,"39":0,"40":0,"41":0,"42":0,"43":0,"44":0,"45":0,"46":0,"47":0,"48":0,"49":0,"50":0,"51":0,"52":0,"53":0,"54":0,"55":0,"56":0,"57":0,"58":0,"59":0,"60":0,"61":1,"62":0,"63":1,"64":0,"65":1,"66":0,"67":0,"68":0,"69":0,"70":0,"71":0,"72":0,"73":0,"74":1,"75":0,"76":0,"77":0,"78":0,"79":0,"80":0,"81":0,"82":0,"83":0,"84":0,"85":1,"86":0,"87":0,"88":0,"89":0,"90":0,"91":0,"92":0,"93":0,"94":0,"95":0,"96":0,"97":1,"98":0,"99":0,"100":0,"101":1,"102":0,"103":0,"104":0,"105":1,"106":0,"107":0,"108":0,"109":0,"110":0,"111":1,"112":0,"113":1,"114":0,"115":0,"116":0,"117":0,"118":0,"119":0,"120":0,"121":0,"122":1,"123":0,"124":0,"125":0,"126":0,"127":0,"128":0,"129":0,"130":0,"131":0,"132":0,"133":0,"134":0,"135":0,"136":0,"137":0,"138":0,"139":1,"140":0,"141":0,"142":0,"143":0,"144":0,"145":0,"146":0,"147":0,"148":0,"149":0,"150":1,"151":0,"152":1,"153":0,"154":0,"155":1,"156":0,"157":0,"158":0,"159":0,"160":0,"161":0,"162":0,"163":0,"164":0,"165":0,"166":0,"167":0,"168":0,"169":0,"170":0,"171":0,"172":0,"173":0,"174":0,"175":0,"176":1,"177":0,"178":0,"179":0,"180":0,"181":0,"182":1,"183":0,"184":1,"185":1,"186":1,"187":1,"188":0,"189":0,"190":0,"191":1,"192":0,"193":0,"194":0,"195":0,"196":1,"197":0,"198":1,"199":0,"200":0,"201":0,"202":0,"203":0,"204":0,"205":0,"206":0,"207":0,"208":0,"209":0,"210":0,"211":0,"212":0,"213":0,"214":0,"215":0,"216":0,"217":0,"218":0,"219":0,"220":0,"221":0,"222":0,"223":0,"224":0,"225":0,"226":0,"227":0,"228":0,"229":0,"230":0,"231":0,"232":0,"233":0,"234":0,"235":0,"236":0,"237":0,"238":0,"239":0,"240":0,"241":0,"242":0,"243":0,"244":0,"245":0,"246":0,"247":0,"248":0,"249":0,"250":0,"251":0,"252":0,"253":0,"254":0,"255":0,"256":0,"257":0,"258":0,"259":0,"260":0,"261":0,"262":0,"263":0,"264":0,"265":0,"266":0,"267":0,"268":0,"269":0,"270":0,"271":0,"272":0,"273":0,"274":0,"275":0,"276":0,"277":0,"278":0,"279":0,"280":0,"281":0,"282":0,"283":0,"284":0,"285":0,"286":0,"287":0,"288":0,"289":0,"290":0,"291":0,"292":0,"293":0,"294":0,"295":0,"296":0,"297":0,"298":0,"299":1,"300":0,"301":0,"302":0,"303":0,"304":0,"305":0,"306":1,"307":1,"308":1,"309":1,"310":0,"311":0,"312":0,"313":0,"314":1,"315":0,"316":1,"317":0,"318":1,"319":1,"320":1,"321":1,"322":0,"323":1,"324":0,"325":1,"326":1},"b":{"1":[21,0],"2":[0,0],"3":[0,0],"4":[0,0],"5":[0,0],"6":[0,0],"7":[0,0],"8":[0,0],"9":[0,0,0,0],"10":[0,0],"11":[0,0],"12":[0,0],"13":[0,0],"14":[0,0],"15":[0,0],"16":[0,0],"17":[0,0],"18":[0,0],"19":[0,0],"20":[0,0],"21":[0,0],"22":[0,0],"23":[0,0],"24":[0,0],"25":[0,0],"26":[0,0],"27":[0,0],"28":[0,0],"29":[0,0],"30":[0,0],"31":[0,0],"32":[0,0],"33":[0,0],"34":[0,0],"35":[0,0],"36":[0,0,0],"37":[0,0],"38":[0,0],"39":[0,0],"40":[0,0]},"f":{"1":4,"2":4,"3":1,"4":0,"5":0,"6":0,"7":0,"8":0,"9":0,"10":0,"11":0,"12":0,"13":0,"14":0,"15":0,"16":0,"17":0,"18":0,"19":0,"20":0,"21":0,"22":0,"23":0,"24":0,"25":0,"26":0,"27":0,"28":0,"29":0,"30":0,"31":0,"32":0,"33":0,"34":0,"35":0,"36":0,"37":0,"38":0,"39":0,"40":0,"41":0,"42":0,"43":1,"44":0,"45":0,"46":0,"47":0,"48":0,"49":0,"50":0,"51":0,"52":0,"53":0,"54":0,"55":0,"56":0,"57":0,"58":0,"59":0,"60":0,"61":0,"62":0,"63":0,"64":0,"65":0,"66":0,"67":0,"68":0,"69":0,"70":0,"71":0,"72":0,"73":0,"74":0,"75":0,"76":0,"77":0,"78":1,"79":0,"80":0,"81":0,"82":1,"83":0,"84":0},"fnMap":{"1":{"name":"(anonymous_1)","line":3,"loc":{"start":{"line":3,"column":11},"end":{"line":3,"column":35}}},"2":{"name":"ctor","line":3,"loc":{"start":{"line":3,"column":122},"end":{"line":3,"column":138}}},"3":{"name":"(anonymous_3)","line":77,"loc":{"start":{"line":77,"column":18},"end":{"line":77,"column":39}}},"4":{"name":"NSQDConnection","line":98,"loc":{"start":{"line":98,"column":2},"end":{"line":98,"column":74}}},"5":{"name":"(anonymous_5)","line":125,"loc":{"start":{"line":125,"column":32},"end":{"line":125,"column":43}}},"6":{"name":"(anonymous_6)","line":129,"loc":{"start":{"line":129,"column":45},"end":{"line":129,"column":56}}},"7":{"name":"(anonymous_7)","line":133,"loc":{"start":{"line":133,"column":37},"end":{"line":133,"column":48}}},"8":{"name":"(anonymous_8)","line":135,"loc":{"start":{"line":135,"column":29},"end":{"line":135,"column":45}}},"9":{"name":"(anonymous_9)","line":136,"loc":{"start":{"line":136,"column":13},"end":{"line":136,"column":24}}},"10":{"name":"(anonymous_10)","line":137,"loc":{"start":{"line":137,"column":65},"end":{"line":137,"column":76}}},"11":{"name":"(anonymous_11)","line":147,"loc":{"start":{"line":147,"column":53},"end":{"line":147,"column":68}}},"12":{"name":"(anonymous_12)","line":148,"loc":{"start":{"line":148,"column":21},"end":{"line":148,"column":37}}},"13":{"name":"(anonymous_13)","line":149,"loc":{"start":{"line":149,"column":13},"end":{"line":149,"column":28}}},"14":{"name":"(anonymous_14)","line":153,"loc":{"start":{"line":153,"column":22},"end":{"line":153,"column":38}}},"15":{"name":"(anonymous_15)","line":154,"loc":{"start":{"line":154,"column":13},"end":{"line":154,"column":27}}},"16":{"name":"(anonymous_16)","line":159,"loc":{"start":{"line":159,"column":29},"end":{"line":159,"column":45}}},"17":{"name":"(anonymous_17)","line":160,"loc":{"start":{"line":160,"column":13},"end":{"line":160,"column":27}}},"18":{"name":"(anonymous_18)","line":166,"loc":{"start":{"line":166,"column":38},"end":{"line":166,"column":57}}},"19":{"name":"(anonymous_19)","line":177,"loc":{"start":{"line":177,"column":36},"end":{"line":177,"column":52}}},"20":{"name":"(anonymous_20)","line":178,"loc":{"start":{"line":178,"column":13},"end":{"line":178,"column":24}}},"21":{"name":"(anonymous_21)","line":186,"loc":{"start":{"line":186,"column":42},"end":{"line":186,"column":58}}},"22":{"name":"(anonymous_22)","line":197,"loc":{"start":{"line":197,"column":41},"end":{"line":197,"column":52}}},"23":{"name":"(anonymous_23)","line":203,"loc":{"start":{"line":203,"column":50},"end":{"line":203,"column":61}}},"24":{"name":"(anonymous_24)","line":212,"loc":{"start":{"line":212,"column":36},"end":{"line":212,"column":55}}},"25":{"name":"(anonymous_25)","line":216,"loc":{"start":{"line":216,"column":44},"end":{"line":216,"column":59}}},"26":{"name":"(anonymous_26)","line":220,"loc":{"start":{"line":220,"column":40},"end":{"line":220,"column":56}}},"27":{"name":"(anonymous_27)","line":221,"loc":{"start":{"line":221,"column":15},"end":{"line":221,"column":26}}},"28":{"name":"(anonymous_28)","line":232,"loc":{"start":{"line":232,"column":41},"end":{"line":232,"column":56}}},"29":{"name":"(anonymous_29)","line":257,"loc":{"start":{"line":257,"column":38},"end":{"line":257,"column":49}}},"30":{"name":"(anonymous_30)","line":287,"loc":{"start":{"line":287,"column":45},"end":{"line":287,"column":56}}},"31":{"name":"(anonymous_31)","line":291,"loc":{"start":{"line":291,"column":50},"end":{"line":291,"column":61}}},"32":{"name":"(anonymous_32)","line":296,"loc":{"start":{"line":296,"column":43},"end":{"line":296,"column":64}}},"33":{"name":"(anonymous_33)","line":299,"loc":{"start":{"line":299,"column":11},"end":{"line":299,"column":38}}},"34":{"name":"(anonymous_34)","line":303,"loc":{"start":{"line":303,"column":119},"end":{"line":303,"column":129}}},"35":{"name":"(anonymous_35)","line":305,"loc":{"start":{"line":305,"column":29},"end":{"line":305,"column":45}}},"36":{"name":"(anonymous_36)","line":306,"loc":{"start":{"line":306,"column":13},"end":{"line":306,"column":46}}},"37":{"name":"(anonymous_37)","line":317,"loc":{"start":{"line":317,"column":29},"end":{"line":317,"column":45}}},"38":{"name":"(anonymous_38)","line":318,"loc":{"start":{"line":318,"column":13},"end":{"line":318,"column":24}}},"39":{"name":"(anonymous_39)","line":325,"loc":{"start":{"line":325,"column":35},"end":{"line":325,"column":50}}},"40":{"name":"(anonymous_40)","line":327,"loc":{"start":{"line":327,"column":40},"end":{"line":327,"column":56}}},"41":{"name":"(anonymous_41)","line":328,"loc":{"start":{"line":328,"column":15},"end":{"line":328,"column":26}}},"42":{"name":"(anonymous_42)","line":337,"loc":{"start":{"line":337,"column":37},"end":{"line":337,"column":48}}},"43":{"name":"(anonymous_43)","line":345,"loc":{"start":{"line":345,"column":19},"end":{"line":345,"column":40}}},"44":{"name":"ConnectionState","line":348,"loc":{"start":{"line":348,"column":2},"end":{"line":348,"column":34}}},"45":{"name":"(anonymous_45)","line":358,"loc":{"start":{"line":358,"column":34},"end":{"line":358,"column":52}}},"46":{"name":"(anonymous_46)","line":367,"loc":{"start":{"line":367,"column":44},"end":{"line":367,"column":55}}},"47":{"name":"(anonymous_47)","line":373,"loc":{"start":{"line":373,"column":18},"end":{"line":373,"column":29}}},"48":{"name":"(anonymous_48)","line":378,"loc":{"start":{"line":378,"column":17},"end":{"line":378,"column":28}}},"49":{"name":"(anonymous_49)","line":383,"loc":{"start":{"line":383,"column":13},"end":{"line":383,"column":24}}},"50":{"name":"(anonymous_50)","line":388,"loc":{"start":{"line":388,"column":13},"end":{"line":388,"column":24}}},"51":{"name":"(anonymous_51)","line":394,"loc":{"start":{"line":394,"column":13},"end":{"line":394,"column":24}}},"52":{"name":"(anonymous_52)","line":403,"loc":{"start":{"line":403,"column":16},"end":{"line":403,"column":31}}},"53":{"name":"(anonymous_53)","line":425,"loc":{"start":{"line":425,"column":13},"end":{"line":425,"column":24}}},"54":{"name":"(anonymous_54)","line":438,"loc":{"start":{"line":438,"column":13},"end":{"line":438,"column":24}}},"55":{"name":"(anonymous_55)","line":444,"loc":{"start":{"line":444,"column":16},"end":{"line":444,"column":31}}},"56":{"name":"(anonymous_56)","line":453,"loc":{"start":{"line":453,"column":13},"end":{"line":453,"column":29}}},"57":{"name":"(anonymous_57)","line":459,"loc":{"start":{"line":459,"column":13},"end":{"line":459,"column":24}}},"58":{"name":"(anonymous_58)","line":465,"loc":{"start":{"line":465,"column":16},"end":{"line":465,"column":31}}},"59":{"name":"(anonymous_59)","line":474,"loc":{"start":{"line":474,"column":13},"end":{"line":474,"column":24}}},"60":{"name":"(anonymous_60)","line":483,"loc":{"start":{"line":483,"column":16},"end":{"line":483,"column":31}}},"61":{"name":"(anonymous_61)","line":489,"loc":{"start":{"line":489,"column":13},"end":{"line":489,"column":24}}},"62":{"name":"(anonymous_62)","line":495,"loc":{"start":{"line":495,"column":16},"end":{"line":495,"column":31}}},"63":{"name":"(anonymous_63)","line":503,"loc":{"start":{"line":503,"column":22},"end":{"line":503,"column":36}}},"64":{"name":"(anonymous_64)","line":506,"loc":{"start":{"line":506,"column":16},"end":{"line":506,"column":31}}},"65":{"name":"(anonymous_65)","line":511,"loc":{"start":{"line":511,"column":13},"end":{"line":511,"column":32}}},"66":{"name":"(anonymous_66)","line":517,"loc":{"start":{"line":517,"column":13},"end":{"line":517,"column":24}}},"67":{"name":"(anonymous_67)","line":522,"loc":{"start":{"line":522,"column":13},"end":{"line":522,"column":24}}},"68":{"name":"(anonymous_68)","line":525,"loc":{"start":{"line":525,"column":23},"end":{"line":525,"column":38}}},"69":{"name":"(anonymous_69)","line":538,"loc":{"start":{"line":538,"column":16},"end":{"line":538,"column":31}}},"70":{"name":"(anonymous_70)","line":548,"loc":{"start":{"line":548,"column":13},"end":{"line":548,"column":24}}},"71":{"name":"(anonymous_71)","line":553,"loc":{"start":{"line":553,"column":13},"end":{"line":553,"column":27}}},"72":{"name":"(anonymous_72)","line":570,"loc":{"start":{"line":570,"column":13},"end":{"line":570,"column":24}}},"73":{"name":"(anonymous_73)","line":575,"loc":{"start":{"line":575,"column":13},"end":{"line":575,"column":24}}},"74":{"name":"(anonymous_74)","line":594,"loc":{"start":{"line":594,"column":13},"end":{"line":594,"column":24}}},"75":{"name":"(anonymous_75)","line":600,"loc":{"start":{"line":600,"column":11},"end":{"line":600,"column":36}}},"76":{"name":"(anonymous_76)","line":604,"loc":{"start":{"line":604,"column":17},"end":{"line":604,"column":42}}},"77":{"name":"(anonymous_77)","line":608,"loc":{"start":{"line":608,"column":13},"end":{"line":608,"column":37}}},"78":{"name":"(anonymous_78)","line":636,"loc":{"start":{"line":636,"column":24},"end":{"line":636,"column":45}}},"79":{"name":"WriterNSQDConnection","line":639,"loc":{"start":{"line":639,"column":2},"end":{"line":639,"column":61}}},"80":{"name":"(anonymous_80)","line":647,"loc":{"start":{"line":647,"column":51},"end":{"line":647,"column":62}}},"81":{"name":"(anonymous_81)","line":651,"loc":{"start":{"line":651,"column":51},"end":{"line":651,"column":83}}},"82":{"name":"(anonymous_82)","line":659,"loc":{"start":{"line":659,"column":25},"end":{"line":659,"column":46}}},"83":{"name":"WriterConnectionState","line":662,"loc":{"start":{"line":662,"column":2},"end":{"line":662,"column":35}}},"84":{"name":"(anonymous_84)","line":666,"loc":{"start":{"line":666,"column":50},"end":{"line":666,"column":61}}}},"statementMap":{"1":{"start":{"line":2,"column":0},"end":{"line":5,"column":19}},"2":{"start":{"line":3,"column":37},"end":{"line":3,"column":121}},"3":{"start":{"line":3,"column":63},"end":{"line":3,"column":119}},"4":{"start":{"line":3,"column":94},"end":{"line":3,"column":119}},"5":{"start":{"line":3,"column":122},"end":{"line":3,"column":167}},"6":{"start":{"line":3,"column":140},"end":{"line":3,"column":165}},"7":{"start":{"line":3,"column":168},"end":{"line":3,"column":202}},"8":{"start":{"line":3,"column":203},"end":{"line":3,"column":232}},"9":{"start":{"line":3,"column":233},"end":{"line":3,"column":268}},"10":{"start":{"line":3,"column":269},"end":{"line":3,"column":282}},"11":{"start":{"line":7,"column":0},"end":{"line":7,"column":25}},"12":{"start":{"line":9,"column":0},"end":{"line":9,"column":21}},"13":{"start":{"line":11,"column":0},"end":{"line":11,"column":19}},"14":{"start":{"line":13,"column":0},"end":{"line":13,"column":21}},"15":{"start":{"line":15,"column":0},"end":{"line":15,"column":23}},"16":{"start":{"line":17,"column":0},"end":{"line":17,"column":19}},"17":{"start":{"line":19,"column":0},"end":{"line":19,"column":46}},"18":{"start":{"line":21,"column":0},"end":{"line":21,"column":100}},"19":{"start":{"line":23,"column":0},"end":{"line":23,"column":26}},"20":{"start":{"line":25,"column":0},"end":{"line":25,"column":34}},"21":{"start":{"line":27,"column":0},"end":{"line":27,"column":56}},"22":{"start":{"line":29,"column":0},"end":{"line":29,"column":39}},"23":{"start":{"line":31,"column":0},"end":{"line":31,"column":31}},"24":{"start":{"line":33,"column":0},"end":{"line":33,"column":25}},"25":{"start":{"line":35,"column":0},"end":{"line":35,"column":31}},"26":{"start":{"line":77,"column":0},"end":{"line":343,"column":17}},"27":{"start":{"line":78,"column":2},"end":{"line":78,"column":37}},"28":{"start":{"line":80,"column":2},"end":{"line":80,"column":37}},"29":{"start":{"line":82,"column":2},"end":{"line":82,"column":41}},"30":{"start":{"line":84,"column":2},"end":{"line":84,"column":35}},"31":{"start":{"line":86,"column":2},"end":{"line":86,"column":55}},"32":{"start":{"line":88,"column":2},"end":{"line":88,"column":33}},"33":{"start":{"line":90,"column":2},"end":{"line":90,"column":39}},"34":{"start":{"line":92,"column":2},"end":{"line":92,"column":37}},"35":{"start":{"line":94,"column":2},"end":{"line":94,"column":39}},"36":{"start":{"line":96,"column":2},"end":{"line":96,"column":33}},"37":{"start":{"line":98,"column":2},"end":{"line":123,"column":3}},"38":{"start":{"line":99,"column":4},"end":{"line":99,"column":15}},"39":{"start":{"line":100,"column":4},"end":{"line":100,"column":30}},"40":{"start":{"line":101,"column":4},"end":{"line":101,"column":30}},"41":{"start":{"line":102,"column":4},"end":{"line":102,"column":24}},"42":{"start":{"line":103,"column":4},"end":{"line":103,"column":27}},"43":{"start":{"line":104,"column":4},"end":{"line":106,"column":5}},"44":{"start":{"line":105,"column":6},"end":{"line":105,"column":19}},"45":{"start":{"line":107,"column":4},"end":{"line":107,"column":64}},"46":{"start":{"line":108,"column":4},"end":{"line":108,"column":41}},"47":{"start":{"line":109,"column":4},"end":{"line":109,"column":94}},"48":{"start":{"line":110,"column":4},"end":{"line":110,"column":48}},"49":{"start":{"line":111,"column":4},"end":{"line":111,"column":27}},"50":{"start":{"line":112,"column":4},"end":{"line":112,"column":41}},"51":{"start":{"line":113,"column":4},"end":{"line":113,"column":47}},"52":{"start":{"line":114,"column":4},"end":{"line":114,"column":25}},"53":{"start":{"line":115,"column":4},"end":{"line":115,"column":24}},"54":{"start":{"line":116,"column":4},"end":{"line":116,"column":27}},"55":{"start":{"line":117,"column":4},"end":{"line":117,"column":28}},"56":{"start":{"line":118,"column":4},"end":{"line":118,"column":37}},"57":{"start":{"line":119,"column":4},"end":{"line":119,"column":38}},"58":{"start":{"line":120,"column":4},"end":{"line":120,"column":21}},"59":{"start":{"line":121,"column":4},"end":{"line":121,"column":34}},"60":{"start":{"line":122,"column":4},"end":{"line":122,"column":31}},"61":{"start":{"line":125,"column":2},"end":{"line":127,"column":4}},"62":{"start":{"line":126,"column":4},"end":{"line":126,"column":47}},"63":{"start":{"line":129,"column":2},"end":{"line":131,"column":4}},"64":{"start":{"line":130,"column":4},"end":{"line":130,"column":58}},"65":{"start":{"line":133,"column":2},"end":{"line":145,"column":4}},"66":{"start":{"line":134,"column":4},"end":{"line":134,"column":42}},"67":{"start":{"line":135,"column":4},"end":{"line":144,"column":14}},"68":{"start":{"line":136,"column":6},"end":{"line":143,"column":8}},"69":{"start":{"line":137,"column":8},"end":{"line":141,"column":11}},"70":{"start":{"line":138,"column":10},"end":{"line":138,"column":48}},"71":{"start":{"line":139,"column":10},"end":{"line":139,"column":47}},"72":{"start":{"line":140,"column":10},"end":{"line":140,"column":95}},"73":{"start":{"line":142,"column":8},"end":{"line":142,"column":57}},"74":{"start":{"line":147,"column":2},"end":{"line":164,"column":4}},"75":{"start":{"line":148,"column":4},"end":{"line":152,"column":14}},"76":{"start":{"line":149,"column":6},"end":{"line":151,"column":8}},"77":{"start":{"line":150,"column":8},"end":{"line":150,"column":42}},"78":{"start":{"line":153,"column":4},"end":{"line":158,"column":14}},"79":{"start":{"line":154,"column":6},"end":{"line":157,"column":8}},"80":{"start":{"line":155,"column":8},"end":{"line":155,"column":42}},"81":{"start":{"line":156,"column":8},"end":{"line":156,"column":51}},"82":{"start":{"line":159,"column":4},"end":{"line":163,"column":14}},"83":{"start":{"line":160,"column":6},"end":{"line":162,"column":8}},"84":{"start":{"line":161,"column":8},"end":{"line":161,"column":49}},"85":{"start":{"line":166,"column":2},"end":{"line":184,"column":4}},"86":{"start":{"line":167,"column":4},"end":{"line":167,"column":46}},"87":{"start":{"line":168,"column":4},"end":{"line":168,"column":38}},"88":{"start":{"line":169,"column":4},"end":{"line":172,"column":5}},"89":{"start":{"line":170,"column":6},"end":{"line":170,"column":22}},"90":{"start":{"line":171,"column":6},"end":{"line":171,"column":42}},"91":{"start":{"line":173,"column":4},"end":{"line":176,"column":6}},"92":{"start":{"line":177,"column":4},"end":{"line":182,"column":14}},"93":{"start":{"line":178,"column":6},"end":{"line":181,"column":8}},"94":{"start":{"line":179,"column":8},"end":{"line":179,"column":29}},"95":{"start":{"line":180,"column":8},"end":{"line":180,"column":68}},"96":{"start":{"line":183,"column":4},"end":{"line":183,"column":49}},"97":{"start":{"line":186,"column":2},"end":{"line":195,"column":4}},"98":{"start":{"line":187,"column":4},"end":{"line":189,"column":7}},"99":{"start":{"line":190,"column":4},"end":{"line":193,"column":7}},"100":{"start":{"line":194,"column":4},"end":{"line":194,"column":39}},"101":{"start":{"line":197,"column":2},"end":{"line":201,"column":4}},"102":{"start":{"line":198,"column":4},"end":{"line":198,"column":41}},"103":{"start":{"line":199,"column":4},"end":{"line":199,"column":39}},"104":{"start":{"line":200,"column":4},"end":{"line":200,"column":39}},"105":{"start":{"line":203,"column":2},"end":{"line":210,"column":4}},"106":{"start":{"line":204,"column":4},"end":{"line":204,"column":13}},"107":{"start":{"line":205,"column":4},"end":{"line":209,"column":5}},"108":{"start":{"line":206,"column":6},"end":{"line":206,"column":37}},"109":{"start":{"line":207,"column":6},"end":{"line":207,"column":37}},"110":{"start":{"line":208,"column":6},"end":{"line":208,"column":39}},"111":{"start":{"line":212,"column":2},"end":{"line":214,"column":4}},"112":{"start":{"line":213,"column":4},"end":{"line":213,"column":54}},"113":{"start":{"line":216,"column":2},"end":{"line":230,"column":4}},"114":{"start":{"line":217,"column":4},"end":{"line":229,"column":5}},"115":{"start":{"line":218,"column":6},"end":{"line":218,"column":36}},"116":{"start":{"line":220,"column":6},"end":{"line":228,"column":16}},"117":{"start":{"line":221,"column":8},"end":{"line":227,"column":10}},"118":{"start":{"line":222,"column":10},"end":{"line":222,"column":31}},"119":{"start":{"line":223,"column":10},"end":{"line":223,"column":51}},"120":{"start":{"line":224,"column":10},"end":{"line":226,"column":11}},"121":{"start":{"line":225,"column":12},"end":{"line":225,"column":55}},"122":{"start":{"line":232,"column":2},"end":{"line":255,"column":4}},"123":{"start":{"line":233,"column":4},"end":{"line":233,"column":41}},"124":{"start":{"line":234,"column":4},"end":{"line":234,"column":44}},"125":{"start":{"line":235,"column":4},"end":{"line":235,"column":35}},"126":{"start":{"line":236,"column":4},"end":{"line":236,"column":17}},"127":{"start":{"line":237,"column":4},"end":{"line":253,"column":5}},"128":{"start":{"line":238,"column":6},"end":{"line":238,"column":45}},"129":{"start":{"line":239,"column":6},"end":{"line":252,"column":7}},"130":{"start":{"line":241,"column":10},"end":{"line":241,"column":69}},"131":{"start":{"line":242,"column":10},"end":{"line":242,"column":16}},"132":{"start":{"line":244,"column":10},"end":{"line":244,"column":87}},"133":{"start":{"line":245,"column":10},"end":{"line":245,"column":16}},"134":{"start":{"line":247,"column":10},"end":{"line":247,"column":65}},"135":{"start":{"line":248,"column":10},"end":{"line":248,"column":95}},"136":{"start":{"line":249,"column":10},"end":{"line":249,"column":16}},"137":{"start":{"line":251,"column":10},"end":{"line":251,"column":31}},"138":{"start":{"line":254,"column":4},"end":{"line":254,"column":19}},"139":{"start":{"line":257,"column":2},"end":{"line":285,"column":4}},"140":{"start":{"line":258,"column":4},"end":{"line":258,"column":66}},"141":{"start":{"line":259,"column":4},"end":{"line":259,"column":29}},"142":{"start":{"line":260,"column":4},"end":{"line":260,"column":39}},"143":{"start":{"line":261,"column":4},"end":{"line":276,"column":6}},"144":{"start":{"line":277,"column":4},"end":{"line":277,"column":98}},"145":{"start":{"line":278,"column":4},"end":{"line":283,"column":5}},"146":{"start":{"line":279,"column":6},"end":{"line":279,"column":29}},"147":{"start":{"line":280,"column":6},"end":{"line":282,"column":7}},"148":{"start":{"line":281,"column":8},"end":{"line":281,"column":29}},"149":{"start":{"line":284,"column":4},"end":{"line":284,"column":20}},"150":{"start":{"line":287,"column":2},"end":{"line":289,"column":4}},"151":{"start":{"line":288,"column":4},"end":{"line":288,"column":89}},"152":{"start":{"line":291,"column":2},"end":{"line":294,"column":4}},"153":{"start":{"line":292,"column":4},"end":{"line":292,"column":41}},"154":{"start":{"line":293,"column":4},"end":{"line":293,"column":41}},"155":{"start":{"line":296,"column":2},"end":{"line":323,"column":4}},"156":{"start":{"line":297,"column":4},"end":{"line":297,"column":27}},"157":{"start":{"line":298,"column":4},"end":{"line":298,"column":51}},"158":{"start":{"line":299,"column":4},"end":{"line":303,"column":133}},"159":{"start":{"line":300,"column":6},"end":{"line":300,"column":38}},"160":{"start":{"line":301,"column":6},"end":{"line":301,"column":61}},"161":{"start":{"line":302,"column":6},"end":{"line":302,"column":56}},"162":{"start":{"line":304,"column":4},"end":{"line":304,"column":85}},"163":{"start":{"line":305,"column":4},"end":{"line":316,"column":14}},"164":{"start":{"line":306,"column":6},"end":{"line":315,"column":8}},"165":{"start":{"line":307,"column":8},"end":{"line":307,"column":30}},"166":{"start":{"line":308,"column":8},"end":{"line":314,"column":9}},"167":{"start":{"line":309,"column":10},"end":{"line":309,"column":187}},"168":{"start":{"line":310,"column":10},"end":{"line":310,"column":53}},"169":{"start":{"line":311,"column":15},"end":{"line":314,"column":9}},"170":{"start":{"line":312,"column":10},"end":{"line":312,"column":59}},"171":{"start":{"line":313,"column":10},"end":{"line":313,"column":53}},"172":{"start":{"line":317,"column":4},"end":{"line":321,"column":14}},"173":{"start":{"line":318,"column":6},"end":{"line":320,"column":8}},"174":{"start":{"line":319,"column":8},"end":{"line":319,"column":50}},"175":{"start":{"line":322,"column":4},"end":{"line":322,"column":15}},"176":{"start":{"line":325,"column":2},"end":{"line":335,"column":4}},"177":{"start":{"line":326,"column":4},"end":{"line":334,"column":5}},"178":{"start":{"line":327,"column":6},"end":{"line":331,"column":16}},"179":{"start":{"line":328,"column":8},"end":{"line":330,"column":10}},"180":{"start":{"line":329,"column":10},"end":{"line":329,"column":57}},"181":{"start":{"line":333,"column":6},"end":{"line":333,"column":35}},"182":{"start":{"line":337,"column":2},"end":{"line":339,"column":4}},"183":{"start":{"line":338,"column":4},"end":{"line":338,"column":31}},"184":{"start":{"line":341,"column":2},"end":{"line":341,"column":24}},"185":{"start":{"line":345,"column":0},"end":{"line":617,"column":14}},"186":{"start":{"line":346,"column":2},"end":{"line":346,"column":38}},"187":{"start":{"line":348,"column":2},"end":{"line":356,"column":3}},"188":{"start":{"line":349,"column":4},"end":{"line":349,"column":22}},"189":{"start":{"line":350,"column":4},"end":{"line":354,"column":7}},"190":{"start":{"line":355,"column":4},"end":{"line":355,"column":33}},"191":{"start":{"line":358,"column":2},"end":{"line":365,"column":4}},"192":{"start":{"line":359,"column":4},"end":{"line":361,"column":5}},"193":{"start":{"line":360,"column":6},"end":{"line":360,"column":52}},"194":{"start":{"line":362,"column":4},"end":{"line":364,"column":5}},"195":{"start":{"line":363,"column":6},"end":{"line":363,"column":38}},"196":{"start":{"line":367,"column":2},"end":{"line":369,"column":4}},"197":{"start":{"line":368,"column":4},"end":{"line":368,"column":23}},"198":{"start":{"line":371,"column":2},"end":{"line":596,"column":4}},"199":{"start":{"line":374,"column":8},"end":{"line":374,"column":39}},"200":{"start":{"line":379,"column":8},"end":{"line":379,"column":38}},"201":{"start":{"line":384,"column":8},"end":{"line":384,"column":50}},"202":{"start":{"line":389,"column":8},"end":{"line":389,"column":39}},"203":{"start":{"line":390,"column":8},"end":{"line":390,"column":37}},"204":{"start":{"line":395,"column":8},"end":{"line":395,"column":21}},"205":{"start":{"line":396,"column":8},"end":{"line":396,"column":40}},"206":{"start":{"line":397,"column":8},"end":{"line":397,"column":34}},"207":{"start":{"line":398,"column":8},"end":{"line":398,"column":49}},"208":{"start":{"line":399,"column":8},"end":{"line":399,"column":46}},"209":{"start":{"line":404,"column":8},"end":{"line":410,"column":9}},"210":{"start":{"line":405,"column":10},"end":{"line":409,"column":13}},"211":{"start":{"line":411,"column":8},"end":{"line":411,"column":49}},"212":{"start":{"line":412,"column":8},"end":{"line":412,"column":47}},"213":{"start":{"line":413,"column":8},"end":{"line":413,"column":68}},"214":{"start":{"line":414,"column":8},"end":{"line":414,"column":72}},"215":{"start":{"line":415,"column":8},"end":{"line":415,"column":65}},"216":{"start":{"line":416,"column":8},"end":{"line":416,"column":62}},"217":{"start":{"line":417,"column":8},"end":{"line":417,"column":41}},"218":{"start":{"line":418,"column":8},"end":{"line":420,"column":9}},"219":{"start":{"line":419,"column":10},"end":{"line":419,"column":40}},"220":{"start":{"line":421,"column":8},"end":{"line":421,"column":55}},"221":{"start":{"line":426,"column":8},"end":{"line":426,"column":34}},"222":{"start":{"line":427,"column":8},"end":{"line":427,"column":83}},"223":{"start":{"line":428,"column":8},"end":{"line":430,"column":9}},"224":{"start":{"line":429,"column":10},"end":{"line":429,"column":81}},"225":{"start":{"line":431,"column":8},"end":{"line":433,"column":9}},"226":{"start":{"line":432,"column":10},"end":{"line":432,"column":43}},"227":{"start":{"line":434,"column":8},"e
[...]
err, nodes) ->`. `nodes` is a list of objects","    return by lookupds and deduped."," */","","lookup = function(lookupdEndpoints, topic, callback) {","  var endpointURL;","  endpointURL = function(endpoint) {","    var parsedUrl;","    if (endpoint.indexOf('://') === -1) {","      endpoint = \"http://\" + endpoint;","    }","    parsedUrl = url.parse(endpoint, true);","    if ((!parsedUrl.pathname) || (parsedUrl.pathname === '/')) {","      parsedUrl.pathname = \"/lookup\";","    }","    parsedUrl.query.topic = topic;","    delete parsedUrl.search;","    return url.format(parsedUrl);","  };","  return dedupedRequests(lookupdEndpoints, endpointURL, callback);","};","","module.exports = lookup;",""],"l":{"2":1,"4":1,"6":1,"8":1,"10":1,"21":1,"22":0,"23":0,"29":0,"30":0,"31":0,"32":0,"33":0,"35":0,"36":0,"37":0,"39":0,"40":0,"41":0,"43":0,"44":0,"45":0,"47":0,"60":1,"61":0,"62":0,"66":1,"67":0,"68":0,"69":0,"71":0,"72":0,"73":0,"74":0,"75":0,"76":0,"78":0,"80":0,"81":0,"82":0,"84":0,"101":1,"102":0,"103":0,"104":0,"105":0,"106":0,"108":0,"109":0,"110":0,"112":0,"113":0,"114":0,"116":0,"119":1}},"/home/travis/build/npmtest/node-npmtest-nsqjs/node_modules/nsqjs/lib/writer.js":{"path":"/home/travis/build/npmtest/node-npmtest-nsqjs/node_modules/nsqjs/lib/writer.js","s":{"1":1,"2":1,"3":5,"4":5,"5":1,"6":1,"7":1,"8":1,"9":1,"10":1,"11":1,"12":1,"13":1,"14":1,"15":1,"16":1,"17":1,"18":1,"19":1,"20":1,"21":1,"22":0,"23":0,"24":0,"25":0,"26":0,"27":0,"28":0,"29":0,"30":0,"31":0,"32":1,"33":0,"34":0,"35":0,"36":0,"37":0,"38":0,"39":0,"40":0,"41":0,"42":0,"43":0,"44":0,"45":0,"46":0,"47":0,"48":0,"49":0,"50":0,"51":0,"52":0,"53":0,"54":0,"55":0,"56":1,"57":0,"58":0,"59":0,"60":0,"61":0,"62":0,"63":0,"64":0,"65":0,"66":0,"67":0,"68":0,"69":0,"70":0,"71":0,"72":0,"73":0,"74":0,"75":0,"76":0,"77":0,"78":0,"79":0,"80":0,"81":0,"82":0,"83":0,"84":0,"85":0,"86":0,"87":0,"88":0,"89":0,"90":0,"91":0,"92":0,"93":0,"94":0,"95":0,"96":0,"97":1,"98":0,"99":1,"100":1},"b":{"1":[5,0],"2":[0,0],"3":[0,0],"4":[0,0],"5":[0,0,0],"6":[0,0],"7":[0,0],"8":[0,0],"9":[0,0],"10":[0,0],"11":[0,0],"12":[0,0],"13":[0,0],"14":[0,0]},"f":{"1":1,"2":1,"3":1,"4":0,"5":0,"6":0,"7":0,"8":0,"9":0,"10":0,"11":0,"12":0,"13":0,"14":0,"15":0,"16":0,"17":0,"18":0,"19":0,"20":0,"21":0},"fnMap":{"1":{"name":"(anonymous_1)","line":3,"loc":{"start":{"line":3,"column":11},"end":{"line":3,"column":35}}},"2":{"name":"ctor","line":3,"loc":{"start":{"line":3,"column":122},"end":{"line":3,"column":138}}},"3":{"name":"(anonymous_3)","line":34,"loc":{"start":{"line":34,"column":10},"end":{"line":34,"column":31}}},"4":{"name":"Writer","line":43,"loc":{"start":{"line":43,"column":2},"end":{"line":43,"column":47}}},"5":{"name":"(anonymous_5)","line":56,"loc":{"start":{"line":56,"column":29},"end":{"line":56,"column":40}}},"6":{"name":"(anonymous_6)","line":60,"loc":{"start":{"line":60,"column":46},"end":{"line":60,"column":62}}},"7":{"name":"(anonymous_7)","line":61,"loc":{"start":{"line":61,"column":13},"end":{"line":61,"column":24}}},"8":{"name":"(anonymous_8)","line":67,"loc":{"start":{"line":67,"column":47},"end":{"line":67,"column":63}}},"9":{"name":"(anonymous_9)","line":68,"loc":{"start":{"line":68,"column":13},"end":{"line":68,"column":24}}},"10":{"name":"(anonymous_10)","line":74,"loc":{"start":{"line":74,"column":46},"end":{"line":74,"column":62}}},"11":{"name":"(anonymous_11)","line":75,"loc":{"start":{"line":75,"column":13},"end":{"line":75,"column":27}}},"12":{"name":"(anonymous_12)","line":81,"loc":{"start":{"line":81,"column":64},"end":{"line":81,"column":80}}},"13":{"name":"(anonymous_13)","line":82,"loc":{"start":{"line":82,"column":13},"end":{"line":82,"column":27}}},"14":{"name":"(anonymous_14)","line":101,"loc":{"start":{"line":101,"column":29},"end":{"line":101,"column":61}}},"15":{"name":"(anonymous_15)","line":117,"loc":{"start":{"line":117,"column":15},"end":{"line":117,"column":31}}},"16":{"name":"(anonymous_16)","line":118,"loc":{"start":{"line":118,"column":15},"end":{"line":118,"column":26}}},"17":{"name":"(anonymous_17)","line":123,"loc":{"start":{"line":123,"column":15},"end":{"line":123,"column":29}}},"18":{"name":"(anonymous_18)","line":128,"loc":{"start":{"line":128,"column":16},"end":{"line":128,"column":32}}},"19":{"name":"(anonymous_19)","line":129,"loc":{"start":{"line":129,"column":15},"end":{"line":129,"column":26}}},"20":{"name":"(anonymous_20)","line":143,"loc":{"start":{"line":143,"column":12},"end":{"line":143,"column":23}}},"21":{"name":"(anonymous_21)","line":159,"loc":{"start":{"line":159,"column":27},"end":{"line":159,"column":38}}}},"statementMap":{"1":{"start":{"line":2,"column":0},"end":{"line":4,"column":30}},"2":{"start":{"line":3,"column":37},"end":{"line":3,"column":121}},"3":{"start":{"line":3,"column":63},"end":{"line":3,"column":119}},"4":{"start":{"line":3,"column":94},"end":{"line":3,"column":119}},"5":{"start":{"line":3,"column":122},"end":{"line":3,"column":167}},"6":{"start":{"line":3,"column":140},"end":{"line":3,"column":165}},"7":{"start":{"line":3,"column":168},"end":{"line":3,"column":202}},"8":{"start":{"line":3,"column":203},"end":{"line":3,"column":232}},"9":{"start":{"line":3,"column":233},"end":{"line":3,"column":268}},"10":{"start":{"line":3,"column":269},"end":{"line":3,"column":282}},"11":{"start":{"line":6,"column":0},"end":{"line":6,"column":25}},"12":{"start":{"line":8,"column":0},"end":{"line":8,"column":46}},"13":{"start":{"line":10,"column":0},"end":{"line":10,"column":26}},"14":{"start":{"line":12,"column":0},"end":{"line":12,"column":56}},"15":{"start":{"line":14,"column":0},"end":{"line":14,"column":72}},"16":{"start":{"line":34,"column":0},"end":{"line":165,"column":17}},"17":{"start":{"line":35,"column":2},"end":{"line":35,"column":29}},"18":{"start":{"line":37,"column":2},"end":{"line":37,"column":25}},"19":{"start":{"line":39,"column":2},"end":{"line":39,"column":27}},"20":{"start":{"line":41,"column":2},"end":{"line":41,"column":25}},"21":{"start":{"line":43,"column":2},"end":{"line":54,"column":3}},"22":{"start":{"line":44,"column":4},"end":{"line":44,"column":29}},"23":{"start":{"line":45,"column":4},"end":{"line":45,"column":29}},"24":{"start":{"line":46,"column":4},"end":{"line":46,"column":56}},"25":{"start":{"line":47,"column":4},"end":{"line":47,"column":32}},"26":{"start":{"line":48,"column":4},"end":{"line":48,"column":78}},"27":{"start":{"line":49,"column":4},"end":{"line":49,"column":48}},"28":{"start":{"line":50,"column":4},"end":{"line":50,"column":27}},"29":{"start":{"line":51,"column":4},"end":{"line":51,"column":23}},"30":{"start":{"line":52,"column":4},"end":{"line":52,"column":32}},"31":{"start":{"line":53,"column":4},"end":{"line":53,"column":28}},"32":{"start":{"line":56,"column":2},"end":{"line":88,"column":4}},"33":{"start":{"line":57,"column":4},"end":{"line":57,"column":84}},"34":{"start":{"line":58,"column":4},"end":{"line":58,"column":26}},"35":{"start":{"line":59,"column":4},"end":{"line":59,"column":24}},"36":{"start":{"line":60,"column":4},"end":{"line":66,"column":14}},"37":{"start":{"line":61,"column":6},"end":{"line":65,"column":8}},"38":{"start":{"line":62,"column":8},"end":{"line":62,"column":29}},"39":{"start":{"line":63,"column":8},"end":{"line":63,"column":27}},"40":{"start":{"line":64,"column":8},"end":{"line":64,"column":40}},"41":{"start":{"line":67,"column":4},"end":{"line":73,"column":14}},"42":{"start":{"line":68,"column":6},"end":{"line":72,"column":8}},"43":{"start":{"line":69,"column":8},"end":{"line":69,"column":30}},"44":{"start":{"line":70,"column":8},"end":{"line":70,"column":28}},"45":{"start":{"line":71,"column":8},"end":{"line":71,"column":41}},"46":{"start":{"line":74,"column":4},"end":{"line":80,"column":14}},"47":{"start":{"line":75,"column":6},"end":{"line":79,"column":8}},"48":{"start":{"line":76,"column":8},"end":{"line":76,"column":34}},"49":{"start":{"line":77,"column":8},"end":{"line":77,"column":28}},"50":{"start":{"line":78,"column":8},"end":{"line":78,"column":45}},"51":{"start":{"line":81,"column":4},"end":{"line":87,"column":14}},"52":{"start":{"line":82,"column":6},"end":{"line":86,"column":8}},"53":{"start":{"line":83,"column":8},"end":{"line":83,"column":34}},"54":{"start":{"line":84,"column":8},"end":{"line":84,"column":28}},"55":{"start":{"line":85,"column":8},"end":{"line":85,"column":45}},"56":{"start":{"line":101,"column":2},"end":{"line":157,"column":4}},"57":{"start":{"line":102,"column":4},"end":{"line":102,"column":62}},"58":{"start":{"line":103,"column":4},"end":{"line":103,"column":122}},"59":{"start":{"line":104,"column":4},"end":{"line":106,"column":5}},"60":{"start":{"line":105,"column":6},"end":{"line":105,"column":70}},"61":{"start":{"line":107,"column":4},"end":{"line":109,"column":5}},"62":{"start":{"line":108,"column":6},"end":{"line":108,"column":64}},"63":{"start":{"line":110,"column":4},"end":{"line":115,"column":5}},"64":{"start":{"line":111,"column":6},"end":{"line":113,"column":7}},"65":{"start":{"line":112,"column":8},"end":{"line":112,"column":29}},"66":{"start":{"line":114,"column":6},"end":{"line":114,"column":16}},"67":{"start":{"line":116,"column":4},"end":{"line":139,"column":5}},"68":{"start":{"line":117,"column":6},"end":{"line":122,"column":15}},"69":{"start":{"line":118,"column":8},"end":{"line":121,"column":10}},"70":{"start":{"line":119,"column":10},"end":{"line":119,"column":19}},"71":{"start":{"line":120,"column":10},"end":{"line":120,"column":54}},"72":{"start":{"line":123,"column":6},"end":{"line":127,"column":8}},"73":{"start":{"line":124,"column":8},"end":{"line":124,"column":55}},"74":{"start":{"line":125,"column":8},"end":{"line":125,"column":17}},"75":{"start":{"line":126,"column":8},"end":{"line":126,"column":29}},"76":{"start":{"line":128,"column":6},"end":{"line":134,"column":15}},"77":{"start":{"line":129,"column":8},"end":{"line":133,"column":10}},"78":{"start":{"line":130,"column":10},"end":{"line":130,"column":52}},"79":{"start":{"line":131,"column":10},"end":{"line":131,"column":53}},"80":{"start":{"line":132,"column":10},"end":{"line":132,"column":61}},"81":{"start":{"line":135,"column":6},"end":{"line":135,"column":35}},"82":{"start":{"line":136,"column":6},"end":{"line":136,"column":36}},"83":{"start":{"line":137,"column":6},"end":{"line":137,"column":37}},"84":{"start":{"line":138,"column":6},"end":{"line":138,"column":13}},"85":{"start":{"line":140,"column":4},"end":{"line":142,"column":5}},"86":{"start":{"line":141,"column":6},"end":{"line":141,"column":20}},"87":{"start":{"line":143,"column":4},"end":{"line":155,"column":9}},"88":{"start":{"line":144,"column":6},"end":{"line":144,"column":26}},"89":{"start":{"line":145,"column":6},"end":{"line":145,"column":19}},"90":{"start":{"line":146,"column":6},"end":{"line":153,"column":7}},"91":{"start":{"line":147,"column":8},"end":{"line":147,"column":22}},"92":{"start":{"line":148,"column":8},"end":{"line":152,"column":9}},"93":{"start":{"line":149,"column":10},"end":{"line":149,"column":28}},"94":{"start":{"line":151,"column":10},"end":{"line":151,"column":44}},"95":{"start":{"line":154,"column":6},"end":{"line":154,"column":21}},"96":{"start":{"line":156,"column":4},"end":{"line":156,"column":60}},"97":{"start":{"line":159,"column":2},"end":{"line":161,"column":4}},"98":{"start":{"line":160,"column":4},"end":{"line":160,"column":31}},"99":{"start":{"line":163,"column":2},"end":{"line":163,"column":16}},"100":{"start":{"line":167,"column":0},"end":{"line":167,"column":24}}},"branchMap":{"1":{"line":3,"type":"if","locations":[{"start":{"line":3,"column":63},"end":{"line":3,"column":63}},{"start":{"line":3,"column":63},"end":{"line":3,"column":63}}]},"2":{"line":103,"type":"cond-expr","locations":[{"start":{"line":103,"column":44},"end":{"line":103,"column":112}},{"start":{"line":103,"column":115},"end":{"line":103,"column":121}}]},"3":{"line":103,"type":"cond-expr","locations":[{"start":{"line":103,"column":80},"end":{"line":103,"column":103}},{"start":{"line":103,"column":106},"end":{"line":103,"column":112}}]},"4":{"line":104,"type":"if","locations":[{"start":{"line":104,"column":4},"end":{"line":104,"column":4}},{"start":{"line":104,"column":4},"end":{"line":104,"column":4}}]},"5":{"line":104,"type":"binary-expr","locations":[{"start":{"line":104,"column":8},"end":{"line":104,"column":18}},{"start":{"line":104,"column":23},"end":{"line":104,"column":45}},{"start":{"line":104,"column":49},"end":{"line":104,"column":70}}]},"6":{"line":107,"type":"if","locations":[{"start":{"line":107,"column":4},"end":{"line":107,"column":4}},{"start":{"line":107,"column":4},"end":{"line":107,"column":4}}]},"7":{"line":107,"type":"binary-expr","locations":[{"start":{"line":107,"column":8},"end":{"line":107,"column":13}},{"start":{"line":107,"column":17},"end":{"line":107,"column":32}}]},"8":{"line":110,"type":"if","locations":[{"start":{"line":110,"column":4},"end":{"line":110,"column":4}},{"start":{"line":110,"column":4},"end":{"line":110,"column":4}}]},"9":{"line":111,"type":"if","locations":[{"start":{"line":111,"column":6},"end":{"line":111,"column":6}},{"start":{"line":111,"column":6},"end":{"line":111,"column":6}}]},"10":{"line":116,"type":"if","locations":[{"start":{"line":116,"column":4},"end":{"line":116,"column":4}},{"start":{"line":116,"column":4},"end":{"line":116,"column":4}}]},"11":{"line":124,"type":"binary-expr","locations":[{"start":{"line":124,"column":8},"end":{"line":124,"column":11}},{"start":{"line":124,"column":16},"end":{"line":124,"column":53}}]},"12":{"line":140,"type":"if","locations":[{"start":{"line":140,"column":4},"end":{"line":140,"column":4}},{"start":{"line":140,"column":4},"end":{"line":140,"column":4}}]},"13":{"line":148,"type":"if","locations":[{"start":{"line":148,"column":8},"end":{"line":148,"column":8}},{"start":{"line":148,"column":8},"end":{"line":148,"column":8}}]},"14":{"line":148,"type":"binary-expr","locations":[{"start":{"line":148,"column":12},"end":{"line":148,"column":27}},{"start":{"line":148,"column":31},"end":{"line":148,"column":51}}]}},"code":["// Generated by CoffeeScript 1.12.5","var ConnectionConfig, Debug, EventEmitter, Writer, WriterNSQDConnection, _,","  extend = function(child, parent) { for (var key in parent) { if (hasProp.call(parent, key)) child[key] = parent[key]; } function ctor() { this.constructor = child; } ctor.prototype = parent.prototype; child.prototype = new ctor(); child.__super__ = parent.prototype; return child; },","  hasProp = {}.hasOwnProperty;","","Debug = require('debug');","","EventEmitter = require('events').EventEmitter;","","_ = require('underscore');","","ConnectionConfig = require('./config').ConnectionConfig;","","WriterNSQDConnection = require('./nsqdconnection').WriterNSQDConnection;","","","/*","Publish messages to nsqds.","","Usage:","","w = new Writer '127.0.0.1', 4150","w.connect()","","w.on Writer.READY, ->","   * Send a single message","  w.publish 'sample_topic', 'one'","   * Send multiple messages","  w.publish 'sample_topic', ['two', 'three']","w.on Writer.CLOSED, ->","  console.log 'Writer closed'"," */","","Writer = (function(superClass) {","  extend(Writer, superClass);","","  Writer.READY = 'ready';","","  Writer.CLOSED = 'closed';","","  Writer.ERROR = 'error';","","  function Writer(nsqdHost, nsqdPort, options) {","    this.nsqdHost = nsqdHost;","    this.nsqdPort = nsqdPort;","    Writer.__super__.constructor.apply(this, arguments);","    this.setMaxListeners(10000);","    this.debug = Debug(\"nsqjs:writer:\" + this.nsqdHost + \"/\" + this.nsqdPort);","    this.config = new ConnectionConfig(options);","    this.config.validate();","    this.ready = false;","    this.debug('Configuration');","    this.debug(this.config);","  }","","  Writer.prototype.connect = function() {","    this.conn = new WriterNSQDConnection(this.nsqdHost, this.nsqdPort, this.config);","    this.debug('connect');","    this.conn.connect();","    this.conn.on(WriterNSQDConnection.READY, (function(_this) {","      return function() {","        _this.debug('ready');","        _this.ready = true;","        return _this.emit(Writer.READY);","      };","    })(this));","    this.conn.on(WriterNSQDConnection.CLOSED, (function(_this) {","      return function() {","        _this.debug('closed');","        _this.ready = false;","        return _this.emit(Writer.CLOSED);","      };","    })(this));","    this.conn.on(WriterNSQDConnection.ERROR, (function(_this) {","      return function(err) {","        _this.debug('error', err);","        _this.ready = false;","        return _this.emit(Writer.ERROR, err);","      };","    })(this));","    return this.conn.on(WriterNSQDConnection.CONNECTION_ERROR, (function(_this) {","      return function(err) {","        _this.debug('error', err);","        _this.ready = false;","        return _this.emit(Writer.ERROR, err);","      };","    })(this));","  };","","","  /*","  Publish a message or a list of messages to the connected nsqd. The contents","  of the messages should either be strings or buffers with the payload encoded.","  ","  Arguments:","    topic: A valid nsqd topic.","    msgs: A string, a buffer, a JSON serializable object, or","      a list of string / buffers / JSON serializable objects.","   */","","  Writer.prototype.publish = function(topic, msgs, callback) {","    var connState, err, failed, msg, ready, ref, ref1, remove;","    connState = (ref = this.conn) != null ? (ref1 = ref.statemachine) != null ? ref1.current_state_name : void 0 : void 0;","    if (!this.conn || (connState === 'CLOSED' || connState === 'ERROR')) {","      err = new Error('No active Writer connection to send messages');","    }","    if (!msgs || _.isEmpty(msgs)) {","      err = new Error('Attempting to publish an empty message');","    }","    if (err) {","      if (callback) {","        return callback(err);","      }","      throw err;","    }","    if (!this.ready) {","      ready = (function(_this) {","        return function() {","          remove();","          return _this.publish(topic, msgs, callback);","        };","      })(this);","      failed = function(err) {","        err || (err = new Error('Connection closed!'));","        remove();","        return callback(err);","      };","      remove = (function(_this) {","        return function() {","          _this.removeListener(Writer.READY, ready);","          _this.removeListener(Writer.ERROR, failed);","          return _this.removeListener(Writer.CLOSED, failed);","        };","      })(this);","      this.on(Writer.READY, ready);","      this.on(Writer.ERROR, failed);","      this.on(Writer.CLOSED, failed);","      return;","    }","    if (!_.isArray(msgs)) {","      msgs = [msgs];","    }","    msgs = (function() {","      var i, len, results;","      results = [];","      for (i = 0, len = msgs.length; i < len; i++) {","        msg = msgs[i];","        if (_.isString(msg) || Buffer.isBuffer(msg)) {","          results.push(msg);","        } else {","          results.push(JSON.stringify(msg));","        }","      }","      return results;","    })();","    return this.conn.produceMessages(topic, msgs, callback);","  };","","  Writer.prototype.close = function() {","    return this.conn.destroy();","  };","","  return Writer;","","})(EventEmitter);","","module.exports = Writer;",""],"l":{"2":1,"3":5,"6":1,"8":1,"10":1,"12":1,"14":1,"34":1,"35":1,"37":1,"39":1,"41":1,"43":1,"44":0,"45":0,"46":0,"47":0,"48":0,"49":0,"50":0,"51":0,"52":0,"53":0,"56":1,"57":0,"58":0,"59":0,"60":0,"61":0,"62":0,"63":0,"64":0,"67":0,"68":0,"69":0,"70":0,"71":0,"74":0,"75":0,"76":0,"77":0,"78":0,"81":0,"82":0,"83":0,"84":0,"85":0,"101":1,"102":0,"103":0,"104":0,"105":0,"107":0,"108":0,"110":0,"111":0,"112":0,"114":0,"116":0,"117":0,"118":0,"119":0,"120":0,"123":0,"124":0,"125":0,"126":0,"128":0,"129":0,"130":0,"131":0,"132":0,"135":0,"136":0,"137":0,"138":0,"140":0,"141":0,"143":0,"144":0,"145":0,"146":0,"147":0,"148":0,"149":0,"151":0,"154":0,"156":0,"159":1,"160":0,"163":1,"167":1}}}